code-creation,Stub,0x39d3787a0040,329,"JSEntryStub"
code-creation,Stub,0x39d3787a01a0,329,"JSConstructEntryStub"
code-creation,Stub,0x39d3787a0300,745,"CEntryStub"
code-creation,Builtin,0x39d3787a0600,83,"Illegal"
code-creation,Builtin,0x39d3787a0660,83,"EmptyFunction"
code-creation,Builtin,0x39d3787a06c0,83,"ArrayCodeGeneric"
code-creation,Builtin,0x39d3787a0720,83,"ArrayPush"
code-creation,Builtin,0x39d3787a0780,83,"ArrayPop"
code-creation,Builtin,0x39d3787a07e0,83,"ArrayShift"
code-creation,Builtin,0x39d3787a0840,83,"ArrayUnshift"
code-creation,Builtin,0x39d3787a08a0,83,"ArraySlice"
code-creation,Builtin,0x39d3787a0900,83,"ArraySplice"
code-creation,Builtin,0x39d3787a0960,83,"ArrayConcat"
code-creation,Builtin,0x39d3787a09c0,88,"HandleApiCall"
code-creation,Builtin,0x39d3787a0a20,83,"FastHandleApiCall"
code-creation,Builtin,0x39d3787a0a80,88,"HandleApiCallConstruct"
code-creation,Builtin,0x39d3787a0ae0,83,"HandleApiCallAsFunction"
code-creation,Builtin,0x39d3787a0b40,83,"HandleApiCallAsConstructor"
code-creation,Builtin,0x39d3787a0ba0,83,"StrictModePoisonPill"
code-creation,Builtin,0x39d3787a0c00,228,"ArgumentsAdaptorTrampoline"
code-creation,Builtin,0x39d3787a0d00,130,"JSConstructCall"
code-creation,Builtin,0x39d3787a0da0,586,"JSConstructStubCountdown"
code-creation,Builtin,0x39d3787a1000,545,"JSConstructStubGeneric"
code-creation,Builtin,0x39d3787a1240,522,"JSConstructStubApi"
code-creation,Builtin,0x39d3787a1460,174,"JSEntryTrampoline"
code-creation,Builtin,0x39d3787a1520,145,"JSConstructEntryTrampoline"
code-creation,Builtin,0x39d3787a15c0,128,"LazyCompile"
code-creation,Builtin,0x39d3787a1640,128,"LazyRecompile"
code-creation,Builtin,0x39d3787a16c0,186,"NotifyDeoptimized"
code-creation,Builtin,0x39d3787a1780,186,"NotifyLazyDeoptimized"
code-creation,Builtin,0x39d3787a1840,157,"NotifyOSR"
code-creation,Builtin,0x39d3787a18e0,88,"LoadIC_Miss"
code-creation,Builtin,0x39d3787a1940,88,"KeyedLoadIC_Miss"
code-creation,Builtin,0x39d3787a19a0,88,"KeyedLoadIC_MissForceGeneric"
code-creation,Builtin,0x39d3787a1a00,88,"KeyedLoadIC_Slow"
code-creation,Builtin,0x39d3787a1a60,89,"StoreIC_Miss"
code-creation,Builtin,0x39d3787a1ac0,89,"KeyedStoreIC_Miss"
code-creation,Builtin,0x39d3787a1b20,89,"KeyedStoreIC_MissForceGeneric"
code-creation,Builtin,0x39d3787a1b80,89,"KeyedStoreIC_Slow"
code-creation,Builtin,0x39d3787a1be0,88,"LoadIC_Initialize"
code-creation,Builtin,0x39d3787a1c40,88,"LoadIC_PreMonomorphic"
code-creation,Stub,0x39d3787a2040,940,"StringDictionaryNegativeLookupStub"
code-creation,Builtin,0x39d3787a2400,321,"LoadIC_Normal"
code-creation,Builtin,0x39d3787a2560,96,"LoadIC_ArrayLength"
code-creation,Builtin,0x39d3787a25c0,99,"LoadIC_StringLength"
code-creation,Builtin,0x39d3787a2640,146,"LoadIC_StringWrapperLength"
code-creation,Builtin,0x39d3787a26e0,136,"LoadIC_FunctionPrototype"
code-creation,Builtin,0x39d3787a2780,242,"LoadIC_Megamorphic"
code-creation,Builtin,0x39d3787a2880,88,"KeyedLoadIC_Initialize"
code-creation,Builtin,0x39d3787a28e0,88,"KeyedLoadIC_PreMonomorphic"
code-creation,Stub,0x39d3787a2940,940,"StringDictionaryNegativeLookupStub"
code-creation,Builtin,0x39d3787a2d00,775,"KeyedLoadIC_Generic"
code-creation,Builtin,0x39d3787a3020,689,"KeyedLoadIC_String"
code-creation,Builtin,0x39d3787a32e0,156,"KeyedLoadIC_IndexedInterceptor"
code-creation,Builtin,0x39d3787a3380,275,"KeyedLoadIC_NonStrictArguments"
code-creation,Builtin,0x39d3787a34a0,89,"StoreIC_Initialize"
code-creation,Builtin,0x39d3787a3500,162,"StoreIC_ArrayLength"
code-creation,Stub,0x39d3787a35c0,959,"StringDictionaryNegativeLookupStub"
code-creation,Builtin,0x39d3787a3980,408,"StoreIC_Normal"
code-creation,Builtin,0x39d3787a3b20,263,"StoreIC_Megamorphic"
code-creation,Builtin,0x39d3787a3c40,93,"StoreIC_GlobalProxy"
code-creation,Builtin,0x39d3787a3ca0,89,"StoreIC_Initialize_Strict"
code-creation,Builtin,0x39d3787a3d00,162,"StoreIC_ArrayLength_Strict"
code-creation,Builtin,0x39d3787a3dc0,408,"StoreIC_Normal_Strict"
code-creation,Builtin,0x39d3787a4040,263,"StoreIC_Megamorphic_Strict"
code-creation,Builtin,0x39d3787a4160,93,"StoreIC_GlobalProxy_Strict"
code-creation,Builtin,0x39d3787a41c0,89,"KeyedStoreIC_Initialize"
code-creation,Builtin,0x39d3787a4220,306,"KeyedStoreIC_Generic"
code-creation,Builtin,0x39d3787a4360,89,"KeyedStoreIC_Initialize_Strict"
code-creation,Builtin,0x39d3787a43c0,306,"KeyedStoreIC_Generic_Strict"
code-creation,Builtin,0x39d3787a4500,401,"KeyedStoreIC_NonStrictArguments"
code-creation,Builtin,0x39d3787a46a0,451,"FunctionCall"
code-creation,Builtin,0x39d3787a4880,460,"FunctionApply"
code-creation,Builtin,0x39d3787a4a60,789,"ArrayCode"
code-creation,Builtin,0x39d3787a4d80,774,"ArrayConstructCode"
code-creation,Builtin,0x39d3787a50a0,545,"StringConstructCode"
code-creation,Stub,0x39d3787a52e0,81,"StackCheckStub"
code-creation,Builtin,0x39d3787a5340,938,"OnStackReplacement"
code-creation,Builtin,0x39d3787a5700,133,"Return_DebugBreak"
code-creation,Builtin,0x39d3787a57a0,165,"ConstructCall_DebugBreak"
code-creation,Builtin,0x39d3787a5860,127,"StubNoRegisters_DebugBreak"
code-creation,Builtin,0x39d3787a58e0,131,"LoadIC_DebugBreak"
code-creation,Builtin,0x39d3787a5980,131,"KeyedLoadIC_DebugBreak"
code-creation,Builtin,0x39d3787a5a20,133,"StoreIC_DebugBreak"
code-creation,Builtin,0x39d3787a5ac0,133,"KeyedStoreIC_DebugBreak"
code-creation,Builtin,0x39d3787a5b60,131,"Slot_DebugBreak"
code-creation,Builtin,0x39d3787a5c00,65,"PlainReturn_LiveEdit"
code-creation,Builtin,0x39d3787a5c60,105,"FrameDropper_LiveEdit"
code-creation,Script,0x39d3787a5ce0,732,"native runtime.js",0x138b2226b8,
code-creation,CallInitialize,0x39d3787a6040,212,"args_count: 1"
code-creation,CallInitialize,0x39d3787a6120,212,"args_count: 2"
code-creation,LazyCompile,0x39d3787a6200,1700,"EQUALS native runtime.js:54",0x138b220bf8,
code-creation,LazyCompile,0x39d3787a68c0,344,"STRICT_EQUALS native runtime.js:100",0x138b220c88,
code-creation,Stub,0x39d3787a6a20,241,"StringCompareStub"
code-creation,Stub,0x39d3787a6b20,145,"CompareICStub"
code-creation,LazyCompile,0x39d3787a6bc0,964,"COMPARE native runtime.js:120",0x138b220d18,
code-creation,Stub,0x39d3787a6fa0,1375,"StringAddStub"
code-creation,LazyCompile,0x39d3787a7500,616,"ADD native runtime.js:163",0x138b220da8,
code-creation,LazyCompile,0x39d3787a7780,276,"SUB native runtime.js:214",0x138b220f58,
code-creation,LazyCompile,0x39d3787a78a0,276,"MUL native runtime.js:222",0x138b220fe8,
code-creation,LazyCompile,0x39d3787a79c0,276,"DIV native runtime.js:230",0x138b221078,
code-creation,LazyCompile,0x39d3787a7ae0,276,"MOD native runtime.js:238",0x138b221108,
code-creation,LazyCompile,0x39d3787a7c00,276,"BIT_OR native runtime.js:252",0x138b221198,
code-creation,LazyCompile,0x39d3787a7d20,384,"BIT_AND native runtime.js:260",0x138b221228,
code-creation,LazyCompile,0x39d3787a7ea0,276,"BIT_XOR native runtime.js:282",0x138b2212b8,
code-creation,LazyCompile,0x39d3787a8040,216,"UNARY_MINUS native runtime.js:290",0x138b221348,
code-creation,LazyCompile,0x39d3787a8120,216,"BIT_NOT native runtime.js:297",0x138b2213d8,
code-creation,LazyCompile,0x39d3787a8200,276,"SHL native runtime.js:304",0x138b221468,
code-creation,LazyCompile,0x39d3787a8320,384,"SAR native runtime.js:312",0x138b2214f8,
code-creation,LazyCompile,0x39d3787a84a0,276,"SHR native runtime.js:334",0x138b221588,
code-creation,LazyCompile,0x39d3787a85c0,204,"DELETE native runtime.js:348",0x138b221618,
code-creation,Stub,0x39d3787a86a0,236,"FastCloneShallowArrayStub"
code-creation,Stub,0x39d3787a87a0,90,"ToBooleanStub_None"
code-creation,LazyCompile,0x39d3787a8800,528,"IN native runtime.js:354",0x138b2216a8,
code-creation,Stub,0x39d3787a8a20,145,"CompareICStub"
code-creation,Stub,0x39d3787a8ac0,228,"FastCloneShallowArrayStub"
code-creation,LazyCompile,0x39d3787a8bc0,732,"INSTANCE_OF native runtime.js:367",0x138b221738,
code-creation,LazyCompile,0x39d3787a8ea0,144,"GET_KEYS native runtime.js:391",0x138b2217c8,
code-creation,LazyCompile,0x39d3787a8f40,204,"FILTER_KEY native runtime.js:399",0x138b221858,
code-creation,Stub,0x39d3787a9020,131,"ArgumentsAccessStub_NewNonStrictSlow"
code-creation,LazyCompile,0x39d3787a90c0,432,"CALL_NON_FUNCTION native runtime.js:406",0x138b2218e8,
code-creation,LazyCompile,0x39d3787a9280,432,"CALL_NON_FUNCTION_AS_CONSTRUCTOR native runtime.js:415",0x138b221978,
code-creation,Stub,0x39d3787a9440,114,"BinaryOpStub_SUB_Alloc_Uninitialized"
code-creation,Stub,0x39d3787a94c0,185,"ArgumentsAccessStub_ReadElement"
code-creation,LazyCompile,0x39d3787a9580,260,"CALL_FUNCTION_PROXY native runtime.js:424",0x138b221a08,
code-creation,Stub,0x39d3787a96a0,196,"FastNewContextStub"
code-creation,CallInitialize,0x39d3787a9780,214,"args_count: 2"
code-creation,LazyCompile,0x39d3787a9860,708,"CALL_FUNCTION_PROXY_AS_CONSTRUCTOR native runtime.js:432",0x138b221a98,
code-creation,LazyCompile,0x39d3787a9b40,148,"TO_OBJECT native runtime.js:492",0x138b221c48,
code-creation,LazyCompile,0x39d3787a9be0,148,"TO_NUMBER native runtime.js:498",0x138b221cd8,
code-creation,LazyCompile,0x39d3787a9c80,148,"TO_STRING native runtime.js:504",0x138b221d68,
code-creation,Stub,0x39d3787a9d20,228,"NumberToStringStub"
code-creation,LazyCompile,0x39d3787aa040,604,"STRING_ADD_LEFT native runtime.js:183",0x138b220e38,
code-creation,LazyCompile,0x39d3787aa2a0,616,"STRING_ADD_RIGHT native runtime.js:198",0x138b220ec8,
code-creation,Stub,0x39d3787aa520,145,"CompareICStub"
code-creation,Stub,0x39d3787aa5c0,145,"CompareICStub"
code-creation,Stub,0x39d3787aa660,145,"CompareICStub"
code-creation,Stub,0x39d3787aa700,200,"FastCloneShallowArrayStub"
code-creation,LazyCompile,0x39d3787aa7e0,1312,"APPLY_PREPARE native runtime.js:449",0x138b221b28,
code-creation,LazyCompile,0x39d3787aad00,204,"APPLY_OVERFLOW native runtime.js:486",0x138b221bb8,
code-creation,CallInitialize,0x39d3787aade0,211,"args_count: 0"
code-creation,CallInitialize,0x39d3787aaec0,214,"args_count: 12"
code-creation,CallInitialize,0x39d3787aafa0,223,"args_count: 38"
code-creation,CallInitialize,0x39d3787ab080,214,"args_count: 3"
code-creation,Script,0x39d3787ab160,2488,"native v8natives.js",0x138b227dc8,
code-creation,CallPreMonomorphic,0x39d3787abb20,211,"args_count: 0"
code-creation,CallInitialize,0x39d3787abc00,214,"args_count: 10"
code-creation,LazyCompile,0x39d3787abce0,592,"SetUpGlobal native v8natives.js:193",0x138b224ea0,
code-creation,CallPreMonomorphic,0x39d3787ac040,214,"args_count: 10"
code-creation,CallPreMonomorphic,0x39d3787ac120,214,"args_count: 3"
code-creation,Stub,0x39d3787ac200,114,"BinaryOpStub_SAR_Alloc_Uninitialized"
code-creation,Stub,0x39d3787ac280,114,"BinaryOpStub_ADD_Alloc_Uninitialized"
code-creation,LazyCompile,0x39d3787ac300,556,"InstallFunctions native v8natives.js:48",0x138b224a20,
code-creation,Stub,0x39d3787ac540,176,"CompareICStub"
code-creation,Stub,0x39d3787ac600,270,"BinaryOpStub_SAR_Alloc_SMI"
code-creation,Stub,0x39d3787ac720,176,"CompareICStub"
code-creation,Stub,0x39d3787ac7e0,117,"KeyedLoadElementStub"
code-creation,KeyedLoadIC,0x39d3787ac860,98,""
code-creation,KeyedLoadIC,0x39d3787ac860,98,"args_count: 0"
code-creation,Stub,0x39d3787ac8e0,270,"BinaryOpStub_ADD_Alloc_SMI"
code-creation,CallInitialize,0x39d3787aca00,214,"args_count: 1"
code-creation,LazyCompile,0x39d3787acae0,316,"$Object.constructor native v8natives.js:220",0x138b227120,
code-creation,LazyCompile,0x39d3787acae0,316,"$Object.constructor native v8natives.js:220",0x138b227120,
code-creation,CallPreMonomorphic,0x39d3787acc20,214,"args_count: 1"
code-creation,LazyCompile,0x39d3787acd00,440,"ToBoolean native runtime.js:527",0x138b221e88,
code-creation,StoreIC,0x39d3787acec0,173,"constructor"
code-creation,StoreIC,0x39d3787acec0,173,"constructor"
code-creation,CallPreMonomorphic,0x39d3787acf80,214,"args_count: 12"
code-creation,CallPreMonomorphic,0x39d3787ad060,223,"args_count: 38"
code-creation,Stub,0x39d3787ad140,114,"BinaryOpStub_ADD_OverwriteLeft_Uninitialized"
code-creation,Stub,0x39d3787ad1c0,107,"ToNumberStub"
code-creation,LazyCompile,0x39d3787ad240,836,"SetUpLockedPrototype native v8natives.js:79",0x138b224b40,
code-creation,Stub,0x39d3787ad5a0,133,"ToBooleanStub_SpecObject"
code-creation,Stub,0x39d3787ad640,270,"BinaryOpStub_ADD_OverwriteLeft_SMI"
code-creation,LazyCompile,0x39d3787ad760,372,"a native v8natives.js:1171",0x138b227c60,
code-creation,LazyCompile,0x39d3787ad760,372,"a native v8natives.js:1171",0x138b227c60,
code-creation,CallInitialize,0x39d3787ad8e0,223,"args_count: 20"
code-creation,CallInitialize,0x39d3787ad9c0,223,"args_count: 26"
code-creation,LazyCompile,0x39d3787adaa0,1028,"SetUpObject native v8natives.js:1186",0x138b226820,
code-creation,CallPreMonomorphic,0x39d3787adec0,223,"args_count: 20"
code-creation,CallPreMonomorphic,0x39d3787ae040,223,"args_count: 26"
code-creation,CallInitialize,0x39d3787ae120,214,"args_count: 4"
code-creation,LazyCompile,0x39d3787ae200,284,"SetUpBoolean native v8natives.js:1249",0x138b2269d0,
code-creation,CallPreMonomorphic,0x39d3787ae320,214,"args_count: 4"
code-creation,LazyCompile,0x39d3787ae400,356,"b native v8natives.js:1264",0x138b227cf0,
code-creation,LazyCompile,0x39d3787ae400,356,"b native v8natives.js:1264",0x138b227cf0,
code-creation,Stub,0x39d3787ae580,159,"CompareICStub"
code-creation,LazyCompile,0x39d3787ae620,456,"ToNumber native runtime.js:537",0x138b221f18,
code-creation,LazyCompile,0x39d3787ae800,1044,"SetUpNumber native v8natives.js:1372",0x138b226dc0,
code-creation,Stub,0x39d3787aec20,212,"CallFunctionStub_Args0"
code-creation,LazyCompile,0x39d3787aed00,904,"NewFunction native v8natives.js:1527",0x138b227000,
code-creation,LazyCompile,0x39d3787aed00,904,"NewFunction native v8natives.js:1527",0x138b227000,
code-creation,LazyCompile,0x39d3787af0a0,284,"SetUpFunction native v8natives.js:1553",0x138b227090,
code-creation,Script,0x39d3787af1c0,260,"native array.js",0x138b22b438,
code-creation,Function,0x39d3787af2e0,260,"getFunction native array.js:1330",0x138b22c2a8,
code-creation,Stub,0x39d3787af400,221,"FastNewClosureStub"
code-creation,Stub,0x39d3787af4e0,218,"CallFunctionStub_Args2"
code-creation,Stub,0x39d3787af5c0,218,"CallFunctionStub_Args3"
code-creation,CallInitialize,0x39d3787af6a0,223,"args_count: 42"
code-creation,CallInitialize,0x39d3787af780,214,"args_count: 6"
code-creation,LazyCompile,0x39d3787b0040,2376,"SetUpArray native array.js:1317",0x138b22b360,
code-creation,CallPreMonomorphic,0x39d3787b09a0,214,"args_count: 2"
code-creation,CallPreMonomorphic,0x39d3787b0a80,212,"args_count: 1"
code-creation,LazyCompile,0x39d3787b0b60,472,"hasOwnProperty native v8natives.js:264",0x138b2250e0,
code-creation,Stub,0x39d3787b0d40,119,"ToBooleanStub_Bool"
code-creation,CallMiss,0x39d3787b0dc0,212,"args_count: 1"
code-creation,CallIC,0x39d3787b0ea0,154,"hasOwnProperty"
code-creation,KeyedLoadIC,0x39d3787b0f40,128,"push"
code-creation,KeyedLoadIC,0x39d3787b0f40,128,"push"
code-creation,KeyedLoadIC,0x39d3787b0fc0,128,"concat"
code-creation,KeyedLoadIC,0x39d3787b0fc0,128,"concat"
code-creation,CallPreMonomorphic,0x39d3787b1040,223,"args_count: 42"
code-creation,LazyCompile,0x39d3787b1120,232,"InstallFunctionsOnHiddenPrototype native v8natives.js:67",0x138b224ab0,
code-creation,CallPreMonomorphic,0x39d3787b1220,214,"args_count: 6"
code-creation,Stub,0x39d3787b1300,200,"FastCloneShallowArrayStub"
code-creation,Script,0x39d3787b13e0,904,"native string.js",0x138b22ece8,
code-creation,LazyCompile,0x39d3787b1780,408,"b native string.js:36",0x138b22ea60,
code-creation,LazyCompile,0x39d3787b1780,408,"b native string.js:36",0x138b22ea60,
code-creation,CallInitialize,0x39d3787b1920,223,"args_count: 70"
code-creation,LazyCompile,0x39d3787b1a00,1536,"SetUpString native string.js:943",0x138b22e9d0,
code-creation,CallPreMonomorphic,0x39d3787b2040,223,"args_count: 70"
code-creation,LoadIC,0x39d3787b2120,107,"$Object"
code-creation,LoadIC,0x39d3787b2120,107,"$Object"
code-creation,CallMiss,0x39d3787b21a0,214,"args_count: 3"
code-creation,CallIC,0x39d3787b2280,148,"InstallFunctions"
code-creation,Script,0x39d3787b2320,268,"native uri.js",0x138b230c98,
code-creation,LazyCompile,0x39d3787b2440,396,"SetUpUri native uri.js:395",0x138b230bc0,
code-creation,Script,0x39d3787b25e0,616,"native math.js",0x138b232118,
code-creation,LazyCompile,0x39d3787b2860,116,"MathConstructor native math.js:38",0x138b231548,
code-creation,CallInitialize,0x39d3787b28e0,223,"args_count: 36"
code-creation,LazyCompile,0x39d3787b29c0,1480,"SetUpMath native math.js:198",0x138b232040,
code-creation,CallPreMonomorphic,0x39d3787b2fa0,223,"args_count: 36"
code-creation,CallInitialize,0x39d3787b3080,214,"args_count: 5"
code-creation,CallInitialize,0x39d3787b3160,214,"args_count: 14"
code-creation,CallInitialize,0x39d3787b3240,223,"args_count: 30"
code-creation,Script,0x39d3787b3320,2520,"native messages.js",0x138b236e08,
code-creation,LazyCompile,0x39d3787b3d00,184,"b native messages.js:124",0x138b236d30,
code-creation,LazyCompile,0x39d3787b3d00,184,"b native messages.js:124",0x138b236d30,
code-creation,CallPreMonomorphic,0x39d3787b3dc0,214,"args_count: 5"
code-creation,CallPreMonomorphic,0x39d3787b3ea0,214,"args_count: 14"
code-creation,CallPreMonomorphic,0x39d3787b4040,223,"args_count: 30"
code-creation,Stub,0x39d3787b4120,218,"CallFunctionStub_Args1"
code-creation,LazyCompile,0x39d3787b4200,428,"SetUpError native messages.js:1069",0x138b236b80,
code-creation,Function,0x39d3787b43c0,116,"ErrorPrototype native messages.js:1088",0x138b2387e8,
code-creation,Function,0x39d3787b4440,204," native messages.js:1115",0x138b2388c0,
code-creation,Function,0x39d3787b4520,560," native messages.js:1104",0x138b238998,
code-creation,LazyCompile,0x39d3787b4760,836,"DefineError native messages.js:1072",0x138b2382e0,
code-creation,Stub,0x39d3787b4ac0,1336,"StringAddStub"
code-creation,Stub,0x39d3787b5000,172,"BinaryOpStub_ADD_Alloc_BothStrings"
code-creation,Stub,0x39d3787b50c0,186,"CompareICStub"
code-creation,LazyCompile,0x39d3787b4520,560," native messages.js:1104",0x138b238998,
code-creation,LoadIC,0x39d3787b5180,107,"global"
code-creation,LoadIC,0x39d3787b5180,107,"global"
code-creation,LoadIC,0x39d3787b5200,107,"builtins"
code-creation,LoadIC,0x39d3787b5200,107,"builtins"
code-creation,Stub,0x39d3787b5280,534,"CompareStub_EQ_STRICT"
code-creation,Function,0x39d3787b54a0,152," native messages.js:1063",0x138b238ad8,
code-creation,LazyCompile,0x39d3787b5540,496,"captureStackTrace native messages.js:1054",0x138b236af0,
code-creation,Stub,0x39d3787b5740,106,"ToBooleanStub_Undefined"
code-creation,LazyCompile,0x39d3787b4520,560," native messages.js:1104",0x138b238998,
code-creation,LoadIC,0x39d3787b57c0,107,"$Error"
code-creation,LoadIC,0x39d3787b57c0,107,"$Error"
code-creation,LoadIC,0x39d3787b5840,107,"kAddMessageAccessorsMarker"
code-creation,LoadIC,0x39d3787b5840,107,"kAddMessageAccessorsMarker"
code-creation,CallMiss,0x39d3787b58c0,214,"args_count: 2"
code-creation,CallIC,0x39d3787b59a0,148,"captureStackTrace"
code-creation,LoadIC,0x39d3787b5a40,162,""
code-creation,LoadIC,0x39d3787b5a40,162,""
code-creation,LazyCompile,0x39d3787b4520,560," native messages.js:1104",0x138b238998,
code-creation,LazyCompile,0x39d3787b4520,560," native messages.js:1104",0x138b238998,
code-creation,LazyCompile,0x39d3787b4520,560," native messages.js:1104",0x138b238998,
code-creation,LazyCompile,0x39d3787b4520,560," native messages.js:1104",0x138b238998,
code-creation,LazyCompile,0x39d3787b4520,560," native messages.js:1104",0x138b238998,
code-creation,LazyCompile,0x39d3787b5b00,168,"MakeRangeError native messages.js:297",0x138b2353b8,
code-creation,LazyCompile,0x39d3787b5bc0,280,"MakeGenericError native messages.js:107",0x138b2350e8,
code-creation,Stub,0x39d3787b5ce0,211,"FastNewContextStub"
code-creation,Function,0x39d3787b5dc0,352,"getter native messages.js:733",0x138b238d28,
code-creation,Function,0x39d3787b6040,276,"setter native messages.js:741",0x138b238e00,
code-creation,LazyCompile,0x39d3787b6160,576,"DefineOneShotAccessor native messages.js:727",0x138b235e68,
code-creation,StoreIC,0x39d3787b63a0,169,"get"
code-creation,StoreIC,0x39d3787b63a0,169,"get"
code-creation,StoreIC,0x39d3787b6460,169,"set"
code-creation,StoreIC,0x39d3787b6460,169,"set"
code-creation,LazyCompile,0x39d3787b6520,1836,"ToPropertyDescriptor native v8natives.js:432",0x138b2258c0,
code-creation,LazyCompile,0x39d3787b6c60,448,"PropertyDescriptor native v8natives.js:494",0x138b2259e0,
code-creation,LazyCompile,0x39d3787b6e20,408,"ToString native runtime.js:560",0x138b2220d0,
code-creation,LazyCompile,0x39d3787b6fc0,168,"$Array.writable_ native v8natives.js:538",0x138b2273f0,
code-creation,StoreIC,0x39d3787b7080,169,"enumerable_"
code-creation,StoreIC,0x39d3787b7080,169,"enumerable_"
code-creation,StoreIC,0x39d3787b7140,169,"hasEnumerable_"
code-creation,StoreIC,0x39d3787b7140,169,"hasEnumerable_"
code-creation,CallIC,0x39d3787b7200,147,"ToString"
code-creation,LazyCompile,0x39d3787b72a0,168,"$Array.get_ native v8natives.js:558",0x138b227750,
code-creation,StoreIC,0x39d3787b7360,169,"configurable_"
code-creation,StoreIC,0x39d3787b7360,169,"configurable_"
code-creation,StoreIC,0x39d3787b7420,169,"hasConfigurable_"
code-creation,StoreIC,0x39d3787b7420,169,"hasConfigurable_"
code-creation,Stub,0x39d3787b74e0,186,"CompareICStub"
code-creation,LazyCompile,0x39d3787b75a0,168,"$Array.set_ native v8natives.js:568",0x138b227900,
code-creation,StoreIC,0x39d3787b7660,169,"get_"
code-creation,StoreIC,0x39d3787b7660,169,"get_"
code-creation,StoreIC,0x39d3787b7720,169,"hasGetter_"
code-creation,StoreIC,0x39d3787b7720,169,"hasGetter_"
code-creation,LazyCompile,0x39d3787b77e0,168,"d native v8natives.js:578",0x138b227ab0,
code-creation,StoreIC,0x39d3787b78a0,169,"set_"
code-creation,StoreIC,0x39d3787b78a0,169,"set_"
code-creation,StoreIC,0x39d3787b7960,169,"hasSetter_"
code-creation,StoreIC,0x39d3787b7960,169,"hasSetter_"
code-creation,LazyCompile,0x39d3787b7a20,196,"IsInconsistentDescriptor native v8natives.js:379",0x138b225710,
code-creation,CallInitialize,0x39d3787b7b00,209,"args_count: 0"
code-creation,LazyCompile,0x39d3787b7be0,236,"IsAccessorDescriptor native v8natives.js:360",0x138b225560,
code-creation,CallPreMonomorphic,0x39d3787b7ce0,209,"args_count: 0"
code-creation,LazyCompile,0x39d3787b7dc0,140,"$Array.set_ native v8natives.js:575",0x138b227a20,
code-creation,LazyCompile,0x39d3787b7e60,236,"IsDataDescriptor native v8natives.js:367",0x138b2255f0,
code-creation,LazyCompile,0x39d3787b7f60,140,"$Array.enumerable_ native v8natives.js:535",0x138b227360,
code-creation,LazyCompile,0x39d3787b8040,140,"$Array.configurable_ native v8natives.js:555",0x138b2276c0,
code-creation,Stub,0x39d3787b80e0,114,"BinaryOpStub_BIT_OR_Alloc_Uninitialized"
code-creation,LazyCompile,0x39d3787b8160,5068,"DefineOwnProperty native v8natives.js:692",0x138b225e60,
code-creation,LazyCompile,0x39d3787b9540,496,"ToObject native runtime.js:577",0x138b2221f0,
code-creation,LazyCompile,0x39d3787b9740,524,"ConvertDescriptorArrayToDescriptor native v8natives.js:593",0x138b225a70,
code-creation,LazyCompile,0x39d3787b9960,140,"$Array.writable_ native v8natives.js:545",0x138b227510,
code-creation,LazyCompile,0x39d3787b9a00,140,"$Array.writable_ native v8natives.js:542",0x138b227480,
code-creation,Stub,0x39d3787b9aa0,255,"BinaryOpStub_BIT_OR_Alloc_SMI"
code-creation,LazyCompile,0x39d3787b9ba0,140,"$Array.get_ native v8natives.js:562",0x138b2277e0,
code-creation,LazyCompile,0x39d3787b9c40,140,"$Array.get_ native v8natives.js:565",0x138b227870,
code-creation,CallMiss,0x39d3787b9ce0,209,"args_count: 0"
code-creation,CallIC,0x39d3787b9dc0,197,"hasValue"
code-creation,LoadIC,0x39d3787b9ea0,102,"hasValue_"
code-creation,LoadIC,0x39d3787b9ea0,102,"hasValue_"
code-creation,CallIC,0x39d3787b9f20,197,"hasWritable"
code-creation,LoadIC,0x39d3787ba040,102,"hasWritable_"
code-creation,LoadIC,0x39d3787ba040,102,"hasWritable_"
code-creation,LazyCompile,0x39d3787ba0c0,220,"IsGenericDescriptor native v8natives.js:374",0x138b225680,
code-creation,CallIC,0x39d3787ba1a0,200,"hasGetter"
code-creation,LoadIC,0x39d3787ba280,102,"hasGetter_"
code-creation,LoadIC,0x39d3787ba280,102,"hasGetter_"
code-creation,CallMiss,0x39d3787ba300,214,"args_count: 1"
code-creation,CallIC,0x39d3787ba3e0,148,"IsAccessorDescriptor"
code-creation,LazyCompile,0x39d3787ba480,140,"$Array.set_ native v8natives.js:572",0x138b227990,
code-creation,LazyCompile,0x39d3787ba520,140," native v8natives.js:585",0x138b227bd0,
code-creation,LazyCompile,0x39d3787ba5c0,140,"d native v8natives.js:582",0x138b227b40,
code-creation,LoadIC,0x39d3787ba660,162,""
code-creation,LoadIC,0x39d3787ba660,162,""
code-creation,StoreIC,0x39d3787ba720,173,"type"
code-creation,StoreIC,0x39d3787ba720,173,"type"
code-creation,StoreIC,0x39d3787ba7e0,173,"arguments"
code-creation,StoreIC,0x39d3787ba7e0,173,"arguments"
code-creation,Script,0x39d3787ba8a0,288,"native apinatives.js",0x138b239af8,
code-creation,Stub,0x39d3787ba9c0,244,"FastCloneShallowArrayStub"
code-creation,Script,0x39d3787baac0,1628,"native date.js",0x138b23d5e8,
code-creation,StoreIC,0x39d3787bb120,169,"time"
code-creation,StoreIC,0x39d3787bb120,169,"time"
code-creation,StoreIC,0x39d3787bb1e0,169,"year"
code-creation,StoreIC,0x39d3787bb1e0,169,"year"
code-creation,Stub,0x39d3787bb2a0,145,"CompareICStub"
code-creation,LazyCompile,0x39d3787bb340,1824,"WeekDays native date.js:398",0x138b23d510,
code-creation,LazyCompile,0x39d3787bb340,1824,"WeekDays native date.js:398",0x138b23d510,
code-creation,LazyCompile,0x39d3787bba60,336,"TimeClip native date.js:378",0x138b23b338,
code-creation,LazyCompile,0x39d3787bbbc0,440,"isFinite native v8natives.js:115",0x138b224c60,
code-creation,Stub,0x39d3787bbd80,487,"CompareStub_EQ"
code-creation,Stub,0x39d3787bc040,215,"CompareICStub"
code-creation,CallInitialize,0x39d3787bc120,223,"args_count: 92"
code-creation,LazyCompile,0x39d3787bc200,1952,"SetUpDate native date.js:1051",0x138b23d480,
code-creation,CallPreMonomorphic,0x39d3787bc9a0,223,"args_count: 92"
code-creation,Script,0x39d3787bca80,472,"native regexp.js",0x138b23fbb8,
code-creation,Function,0x39d3787bcc60,212,"RegExpGetInput native regexp.js:428",0x138b240238,
code-creation,Function,0x39d3787bcd40,176,"RegExpSetInput native regexp.js:432",0x138b240310,
code-creation,Function,0x39d3787bce00,128,"RegExpGetMultiline native regexp.js:452",0x138b2403e0,
code-creation,Function,0x39d3787bce80,236,"RegExpSetMultiline native regexp.js:453",0x138b2404b8,
code-creation,Function,0x39d3787bcf80,116,"NoOpSetter native regexp.js:461",0x138b240590,
code-creation,CallInitialize,0x39d3787bd000,214,"args_count: 8"
code-creation,LazyCompile,0x39d3787bd0e0,3152,"SetUpRegExp native regexp.js:408",0x138b23fae0,
code-creation,LazyCompile,0x39d3787bdd40,308,"RegExpConstructor native regexp.js:86",0x138b23f390,
code-creation,LazyCompile,0x39d3787bdd40,308,"RegExpConstructor native regexp.js:86",0x138b23f390,
code-creation,CallPreMonomorphic,0x39d3787bde80,214,"args_count: 8"
code-creation,Stub,0x39d3787be040,1568,"StringAddStub"
code-creation,Stub,0x39d3787be660,1565,"StringAddStub"
code-creation,Stub,0x39d3787bec80,171,"BinaryOpStub_ADD_Alloc_Strings"
code-creation,CallPreMonomorphic,0x39d3787bed40,212,"args_count: 2"
code-creation,LazyCompile,0x39d3787bee20,448,"ToPrimitive native runtime.js:516",0x138b221df8,
code-creation,Stub,0x39d3787befe0,114,"BinaryOpStub_MUL_Alloc_Uninitialized"
code-creation,Stub,0x39d3787bf060,114,"BinaryOpStub_ADD_OverwriteRight_Uninitialized"
code-creation,Function,0x39d3787bf0e0,588," native regexp.js:371",0x138b240938,
code-creation,LazyCompile,0x39d3787bf340,220,"RegExpMakeCaptureGetter native regexp.js:370",0x138b23fa50,
code-creation,CallMiss,0x39d3787bf420,212,"args_count: 2"
code-creation,CallIC,0x39d3787bf500,147,"ToPrimitive"
code-creation,LoadIC,0x39d3787bf5a0,107,"$RegExp"
code-creation,LoadIC,0x39d3787bf5a0,107,"$RegExp"
code-creation,CallIC,0x39d3787bf620,148,"RegExpMakeCaptureGetter"
code-creation,Script,0x39d3787bf6c0,264,"native json.js",0x138b241298,
code-creation,LazyCompile,0x39d3787bf7e0,268,"SetUpJSON native json.js:340",0x138b2411c0,
code-delete,0x39d3787ac860
code-delete,0x39d3787acec0
code-delete,0x39d3787b0ea0
code-delete,0x39d3787b0f40
code-delete,0x39d3787b0fc0
code-delete,0x39d3787b2120
code-delete,0x39d3787b2280
code-delete,0x39d3787b5180
code-delete,0x39d3787b5200
code-delete,0x39d3787b57c0
code-delete,0x39d3787b5840
code-delete,0x39d3787b59a0
code-delete,0x39d3787b5a40
code-delete,0x39d3787b63a0
code-delete,0x39d3787b6460
code-delete,0x39d3787b7080
code-delete,0x39d3787b7140
code-delete,0x39d3787b7200
code-delete,0x39d3787b7360
code-delete,0x39d3787b7420
code-delete,0x39d3787b7660
code-delete,0x39d3787b7720
code-delete,0x39d3787b78a0
code-delete,0x39d3787b7960
code-delete,0x39d3787b9dc0
code-delete,0x39d3787b9ea0
code-delete,0x39d3787b9f20
code-delete,0x39d3787ba040
code-delete,0x39d3787ba1a0
code-delete,0x39d3787ba280
code-delete,0x39d3787ba3e0
code-delete,0x39d3787ba660
code-delete,0x39d3787ba720
code-delete,0x39d3787ba7e0
code-delete,0x39d3787bb120
code-delete,0x39d3787bb1e0
code-delete,0x39d3787bf500
code-delete,0x39d3787bf5a0
code-delete,0x39d3787bf620
sfi-move,0x138b21ec70,0x138b21ec70
sfi-move,0x138b21ed60,0x138b21ed60
sfi-move,0x138b21eee8,0x138b21eee8
sfi-move,0x138b21efc0,0x138b21efc0
sfi-move,0x138b21f0c8,0x138b21f0c8
sfi-move,0x138b21f1c0,0x138b21f1c0
sfi-move,0x138b21f298,0x138b21f298
sfi-move,0x138b21f370,0x138b21f370
sfi-move,0x138b21f448,0x138b21f448
sfi-move,0x138b21f520,0x138b21f520
sfi-move,0x138b21f5f8,0x138b21f5f8
sfi-move,0x138b21f6d0,0x138b21f6d0
sfi-move,0x138b21f7a8,0x138b21f7a8
sfi-move,0x138b21f898,0x138b21f898
sfi-move,0x138b21f9b0,0x138b21f9b0
sfi-move,0x138b21fa88,0x138b21fa88
sfi-move,0x138b21fb60,0x138b21fb60
sfi-move,0x138b220040,0x138b220040
sfi-move,0x138b220348,0x138b220348
sfi-move,0x138b220420,0x138b220420
sfi-move,0x138b220580,0x138b220580
sfi-move,0x138b220670,0x138b220670
sfi-move,0x138b220bf8,0x138b220b40
sfi-move,0x138b220c88,0x138b220bd0
sfi-move,0x138b220d18,0x138b220c60
sfi-move,0x138b220da8,0x138b220cf0
sfi-move,0x138b220e38,0x138b220d80
sfi-move,0x138b220ec8,0x138b220e10
sfi-move,0x138b220f58,0x138b220ea0
sfi-move,0x138b220fe8,0x138b220f30
sfi-move,0x138b221078,0x138b220fc0
sfi-move,0x138b221108,0x138b221050
sfi-move,0x138b221198,0x138b2210e0
sfi-move,0x138b221228,0x138b221170
sfi-move,0x138b2212b8,0x138b221200
sfi-move,0x138b221348,0x138b221290
sfi-move,0x138b2213d8,0x138b221320
sfi-move,0x138b221468,0x138b2213b0
sfi-move,0x138b2214f8,0x138b221440
sfi-move,0x138b221588,0x138b2214d0
sfi-move,0x138b221618,0x138b221560
sfi-move,0x138b2216a8,0x138b2215f0
sfi-move,0x138b221738,0x138b221680
sfi-move,0x138b2217c8,0x138b221710
sfi-move,0x138b221858,0x138b2217a0
sfi-move,0x138b2218e8,0x138b221830
sfi-move,0x138b221978,0x138b2218c0
sfi-move,0x138b221a08,0x138b221950
sfi-move,0x138b221a98,0x138b2219e0
sfi-move,0x138b221b28,0x138b221a70
sfi-move,0x138b221bb8,0x138b221b00
sfi-move,0x138b221c48,0x138b221b90
sfi-move,0x138b221cd8,0x138b221c20
sfi-move,0x138b221d68,0x138b221cb0
sfi-move,0x138b221df8,0x138b221d40
sfi-move,0x138b221e88,0x138b221dd0
sfi-move,0x138b221f18,0x138b221e60
sfi-move,0x138b222040,0x138b221ef0
sfi-move,0x138b2220d0,0x138b222040
sfi-move,0x138b222160,0x138b2220d0
sfi-move,0x138b2221f0,0x138b222160
sfi-move,0x138b222280,0x138b2221f0
sfi-move,0x138b222310,0x138b222280
sfi-move,0x138b2223a0,0x138b222310
sfi-move,0x138b222430,0x138b2223a0
sfi-move,0x138b2224c0,0x138b222430
sfi-move,0x138b222550,0x138b2224c0
sfi-move,0x138b2225e0,0x138b222550
sfi-move,0x138b2226b8,0x138b222628
sfi-move,0x138b224a20,0x138b224520
sfi-move,0x138b224ab0,0x138b2245b0
sfi-move,0x138b224b40,0x138b224640
sfi-move,0x138b224bd0,0x138b2246d0
sfi-move,0x138b224c60,0x138b224760
sfi-move,0x138b224cf0,0x138b2247f0
sfi-move,0x138b224d80,0x138b224880
sfi-move,0x138b224e10,0x138b224910
sfi-move,0x138b224ea0,0x138b2249a0
sfi-move,0x138b224f30,0x138b224a30
sfi-move,0x138b224fc0,0x138b224ac0
sfi-move,0x138b225050,0x138b224b50
sfi-move,0x138b2250e0,0x138b224be0
sfi-move,0x138b225170,0x138b224c70
sfi-move,0x138b225200,0x138b224d00
sfi-move,0x138b225290,0x138b224d90
sfi-move,0x138b225320,0x138b224e20
sfi-move,0x138b2253b0,0x138b224eb0
sfi-move,0x138b225440,0x138b224f40
sfi-move,0x138b2254d0,0x138b224fd0
sfi-move,0x138b225560,0x138b225060
sfi-move,0x138b2255f0,0x138b2250f0
sfi-move,0x138b225680,0x138b225180
sfi-move,0x138b225710,0x138b225210
sfi-move,0x138b2257a0,0x138b2252a0
sfi-move,0x138b225830,0x138b225330
sfi-move,0x138b2258c0,0x138b2253c0
sfi-move,0x138b225950,0x138b225450
sfi-move,0x138b2259e0,0x138b2254e0
sfi-move,0x138b225a70,0x138b225570
sfi-move,0x138b225b00,0x138b225600
sfi-move,0x138b225b90,0x138b225690
sfi-move,0x138b225c20,0x138b225720
sfi-move,0x138b225cb0,0x138b2257b0
sfi-move,0x138b225d40,0x138b225840
sfi-move,0x138b225dd0,0x138b2258d0
sfi-move,0x138b225e60,0x138b225960
sfi-move,0x138b225ef0,0x138b2259f0
sfi-move,0x138b226040,0x138b225a80
sfi-move,0x138b2260d0,0x138b225b10
sfi-move,0x138b226160,0x138b225ba0
sfi-move,0x138b2261f0,0x138b225c30
sfi-move,0x138b226280,0x138b225cc0
sfi-move,0x138b226310,0x138b225d50
sfi-move,0x138b2263a0,0x138b225de0
sfi-move,0x138b226430,0x138b225e70
sfi-move,0x138b2264c0,0x138b225f00
sfi-move,0x138b226550,0x138b226040
sfi-move,0x138b2265e0,0x138b2260d0
sfi-move,0x138b226670,0x138b226160
sfi-move,0x138b226700,0x138b2261f0
sfi-move,0x138b226790,0x138b226280
sfi-move,0x138b226820,0x138b226310
sfi-move,0x138b2268b0,0x138b2263a0
sfi-move,0x138b226940,0x138b226430
sfi-move,0x138b2269d0,0x138b2264c0
sfi-move,0x138b226a60,0x138b226550
sfi-move,0x138b226af0,0x138b2265e0
sfi-move,0x138b226b80,0x138b226670
sfi-move,0x138b226c10,0x138b226700
sfi-move,0x138b226ca0,0x138b226790
sfi-move,0x138b226d30,0x138b226820
sfi-move,0x138b226dc0,0x138b2268b0
sfi-move,0x138b226e50,0x138b226940
sfi-move,0x138b226ee0,0x138b2269d0
sfi-move,0x138b226f70,0x138b226a60
sfi-move,0x138b227000,0x138b226af0
sfi-move,0x138b227090,0x138b226b80
sfi-move,0x138b227120,0x138b226c10
sfi-move,0x138b2271b0,0x138b226ca0
sfi-move,0x138b227240,0x138b226d30
sfi-move,0x138b2272d0,0x138b226dc0
sfi-move,0x138b227360,0x138b226e50
sfi-move,0x138b2273f0,0x138b226ee0
sfi-move,0x138b227480,0x138b226f70
sfi-move,0x138b227510,0x138b227000
sfi-move,0x138b2275a0,0x138b227090
sfi-move,0x138b227630,0x138b227120
sfi-move,0x138b2276c0,0x138b2271b0
sfi-move,0x138b227750,0x138b227240
sfi-move,0x138b2277e0,0x138b2272d0
sfi-move,0x138b227870,0x138b227360
sfi-move,0x138b227900,0x138b2273f0
sfi-move,0x138b227990,0x138b227480
sfi-move,0x138b227a20,0x138b227510
sfi-move,0x138b227ab0,0x138b2275a0
sfi-move,0x138b227b40,0x138b227630
sfi-move,0x138b227bd0,0x138b2276c0
sfi-move,0x138b227c60,0x138b227750
sfi-move,0x138b227cf0,0x138b2277e0
sfi-move,0x138b227dc8,0x138b2278b8
sfi-move,0x138b22a040,0x138b2297e0
sfi-move,0x138b22a0d0,0x138b229870
sfi-move,0x138b22a160,0x138b229900
sfi-move,0x138b22a1f0,0x138b229990
sfi-move,0x138b22a280,0x138b229a20
sfi-move,0x138b22a310,0x138b229ab0
sfi-move,0x138b22a3a0,0x138b229b40
sfi-move,0x138b22a430,0x138b229bd0
sfi-move,0x138b22a4c0,0x138b229c60
sfi-move,0x138b22a550,0x138b229cf0
sfi-move,0x138b22a5e0,0x138b229d80
sfi-move,0x138b22a670,0x138b229e10
sfi-move,0x138b22a700,0x138b229ea0
sfi-move,0x138b22a790,0x138b229f30
sfi-move,0x138b22a820,0x138b22a040
sfi-move,0x138b22a8b0,0x138b22a0d0
sfi-move,0x138b22a940,0x138b22a160
sfi-move,0x138b22a9d0,0x138b22a1f0
sfi-move,0x138b22aa60,0x138b22a280
sfi-move,0x138b22aaf0,0x138b22a310
sfi-move,0x138b22ab80,0x138b22a3a0
sfi-move,0x138b22ac10,0x138b22a430
sfi-move,0x138b22aca0,0x138b22a4c0
sfi-move,0x138b22ad30,0x138b22a550
sfi-move,0x138b22adc0,0x138b22a5e0
sfi-move,0x138b22ae50,0x138b22a670
sfi-move,0x138b22aee0,0x138b22a700
sfi-move,0x138b22af70,0x138b22a790
sfi-move,0x138b22b000,0x138b22a820
sfi-move,0x138b22b090,0x138b22a8b0
sfi-move,0x138b22b120,0x138b22a940
sfi-move,0x138b22b1b0,0x138b22a9d0
sfi-move,0x138b22b240,0x138b22aa60
sfi-move,0x138b22b2d0,0x138b22aaf0
sfi-move,0x138b22b360,0x138b22ab80
sfi-move,0x138b22b438,0x138b22ac58
sfi-move,0x138b22c2a8,0x138b22ba20
sfi-move,0x138b22c390,0x138b22bb08
sfi-move,0x138b22c468,0x138b22bbe0
sfi-move,0x138b22c540,0x138b22bcb8
sfi-move,0x138b22c618,0x138b22bd90
sfi-move,0x138b22c6f0,0x138b22be68
sfi-move,0x138b22c7c8,0x138b22bf40
sfi-move,0x138b22c8a0,0x138b22c088
sfi-move,0x138b22d068,0x138b22c5c8
sfi-move,0x138b22d0f8,0x138b22c658
sfi-move,0x138b22d188,0x138b22c6e8
sfi-move,0x138b22d218,0x138b22c778
sfi-move,0x138b22d2a8,0x138b22c808
sfi-move,0x138b22d338,0x138b22c898
sfi-move,0x138b22d3c8,0x138b22c928
sfi-move,0x138b22d458,0x138b22c9b8
sfi-move,0x138b22d4e8,0x138b22ca48
sfi-move,0x138b22d578,0x138b22cad8
sfi-move,0x138b22d608,0x138b22cb68
sfi-move,0x138b22d698,0x138b22cbf8
sfi-move,0x138b22d728,0x138b22cc88
sfi-move,0x138b22d7b8,0x138b22cd18
sfi-move,0x138b22d848,0x138b22cda8
sfi-move,0x138b22d8d8,0x138b22ce38
sfi-move,0x138b22d968,0x138b22cec8
sfi-move,0x138b22d9f8,0x138b22cf58
sfi-move,0x138b22da88,0x138b22cfe8
sfi-move,0x138b22db18,0x138b22d078
sfi-move,0x138b22dba8,0x138b22d108
sfi-move,0x138b22dc38,0x138b22d198
sfi-move,0x138b22dcc8,0x138b22d228
sfi-move,0x138b22dd58,0x138b22d2b8
sfi-move,0x138b22dde8,0x138b22d348
sfi-move,0x138b22de78,0x138b22d3d8
sfi-move,0x138b22df08,0x138b22d468
sfi-move,0x138b22e040,0x138b22d4f8
sfi-move,0x138b22e0d0,0x138b22d588
sfi-move,0x138b22e160,0x138b22d618
sfi-move,0x138b22e1f0,0x138b22d6a8
sfi-move,0x138b22e280,0x138b22d738
sfi-move,0x138b22e310,0x138b22d7c8
sfi-move,0x138b22e3a0,0x138b22d858
sfi-move,0x138b22e430,0x138b22d8e8
sfi-move,0x138b22e4c0,0x138b22d978
sfi-move,0x138b22e550,0x138b22da08
sfi-move,0x138b22e5e0,0x138b22da98
sfi-move,0x138b22e670,0x138b22db28
sfi-move,0x138b22e700,0x138b22dbb8
sfi-move,0x138b22e790,0x138b22dc48
sfi-move,0x138b22e820,0x138b22dcd8
sfi-move,0x138b22e8b0,0x138b22dd68
sfi-move,0x138b22e940,0x138b22ddf8
sfi-move,0x138b22e9d0,0x138b22de88
sfi-move,0x138b22ea60,0x138b22df18
sfi-move,0x138b22eaf0,0x138b22e040
sfi-move,0x138b22eb80,0x138b22e0d0
sfi-move,0x138b22ec10,0x138b22e160
sfi-move,0x138b22ece8,0x138b22e238
sfi-move,0x138b2301a0,0x138b22f4c8
sfi-move,0x138b230230,0x138b22f558
sfi-move,0x138b2302c0,0x138b22f5e8
sfi-move,0x138b230350,0x138b22f678
sfi-move,0x138b2303e0,0x138b22f708
sfi-move,0x138b230470,0x138b22f798
sfi-move,0x138b230500,0x138b22f828
sfi-move,0x138b230590,0x138b22f8b8
sfi-move,0x138b230620,0x138b22f948
sfi-move,0x138b2306b0,0x138b22f9d8
sfi-move,0x138b230740,0x138b22fa68
sfi-move,0x138b2307d0,0x138b22faf8
sfi-move,0x138b230860,0x138b22fb88
sfi-move,0x138b2308f0,0x138b22fc18
sfi-move,0x138b230980,0x138b22fca8
sfi-move,0x138b230a10,0x138b22fd38
sfi-move,0x138b230aa0,0x138b22fdc8
sfi-move,0x138b230b30,0x138b22fe58
sfi-move,0x138b230bc0,0x138b22fee8
sfi-move,0x138b230c98,0x138b230040
sfi-move,0x138b231548,0x138b2308a8
sfi-move,0x138b2315d8,0x138b230938
sfi-move,0x138b231668,0x138b2309c8
sfi-move,0x138b2316f8,0x138b230a58
sfi-move,0x138b231788,0x138b230ae8
sfi-move,0x138b231818,0x138b230b78
sfi-move,0x138b2318a8,0x138b230c08
sfi-move,0x138b231938,0x138b230c98
sfi-move,0x138b2319c8,0x138b230d28
sfi-move,0x138b231a58,0x138b230db8
sfi-move,0x138b231ae8,0x138b230e48
sfi-move,0x138b231b78,0x138b230ed8
sfi-move,0x138b231c08,0x138b230f68
sfi-move,0x138b231c98,0x138b230ff8
sfi-move,0x138b231d28,0x138b231088
sfi-move,0x138b231db8,0x138b231118
sfi-move,0x138b231e48,0x138b2311a8
sfi-move,0x138b231ed8,0x138b231238
sfi-move,0x138b231f68,0x138b2312c8
sfi-move,0x138b232040,0x138b231358
sfi-move,0x138b232118,0x138b231430
sfi-move,0x138b234ea8,0x138b231f30
sfi-move,0x138b234f38,0x138b232040
sfi-move,0x138b234fc8,0x138b2320d0
sfi-move,0x138b235058,0x138b232160
sfi-move,0x138b2350e8,0x138b2321f0
sfi-move,0x138b235178,0x138b232280
sfi-move,0x138b235208,0x138b232310
sfi-move,0x138b235298,0x138b2323a0
sfi-move,0x138b235328,0x138b232430
sfi-move,0x138b2353b8,0x138b2324c0
sfi-move,0x138b235448,0x138b232550
sfi-move,0x138b2354d8,0x138b2325e0
sfi-move,0x138b235568,0x138b232670
sfi-move,0x138b2355f8,0x138b232700
sfi-move,0x138b235688,0x138b232790
sfi-move,0x138b235718,0x138b232820
sfi-move,0x138b2357a8,0x138b2328b0
sfi-move,0x138b235838,0x138b232940
sfi-move,0x138b2358c8,0x138b2329d0
sfi-move,0x138b235958,0x138b232a60
sfi-move,0x138b2359e8,0x138b232af0
sfi-move,0x138b235a78,0x138b232b80
sfi-move,0x138b235b08,0x138b232c10
sfi-move,0x138b235b98,0x138b232ca0
sfi-move,0x138b235c28,0x138b232d30
sfi-move,0x138b235cb8,0x138b232dc0
sfi-move,0x138b235d48,0x138b232e50
sfi-move,0x138b235dd8,0x138b232ee0
sfi-move,0x138b235e68,0x138b232f70
sfi-move,0x138b235ef8,0x138b233000
sfi-move,0x138b236040,0x138b233090
sfi-move,0x138b2360d0,0x138b233120
sfi-move,0x138b236160,0x138b2331b0
sfi-move,0x138b2361f0,0x138b233240
sfi-move,0x138b236280,0x138b2332d0
sfi-move,0x138b236310,0x138b233360
sfi-move,0x138b2363a0,0x138b2333f0
sfi-move,0x138b236430,0x138b233480
sfi-move,0x138b2364c0,0x138b233510
sfi-move,0x138b236550,0x138b2335a0
sfi-move,0x138b2365e0,0x138b233630
sfi-move,0x138b236670,0x138b2336c0
sfi-move,0x138b236700,0x138b233750
sfi-move,0x138b236790,0x138b2337e0
sfi-move,0x138b236820,0x138b233870
sfi-move,0x138b2368b0,0x138b233900
sfi-move,0x138b236940,0x138b233990
sfi-move,0x138b2369d0,0x138b233a20
sfi-move,0x138b236a60,0x138b233ab0
sfi-move,0x138b236af0,0x138b233b40
sfi-move,0x138b236b80,0x138b233bd0
sfi-move,0x138b236c10,0x138b233c60
sfi-move,0x138b236ca0,0x138b233cf0
sfi-move,0x138b236d30,0x138b233d80
sfi-move,0x138b236e08,0x138b233e58
sfi-move,0x138b2382e0,0x138b2352d8
sfi-move,0x138b238370,0x138b235368
sfi-move,0x138b238400,0x138b2353f8
sfi-move,0x138b238490,0x138b235488
sfi-move,0x138b238520,0x138b235518
sfi-move,0x138b2385b0,0x138b2355a8
sfi-move,0x138b238640,0x138b235638
sfi-move,0x138b2386d0,0x138b2356c8
sfi-move,0x138b2387e8,0x138b2357e0
sfi-move,0x138b2388c0,0x138b2358b8
sfi-move,0x138b238998,0x138b235990
sfi-move,0x138b238ad8,0x138b235ad0
sfi-move,0x138b238d28,0x138b235d08
sfi-move,0x138b238e00,0x138b235de0
sfi-move,0x138b239878,0x138b236858
sfi-move,0x138b239908,0x138b2368e8
sfi-move,0x138b239998,0x138b236978
sfi-move,0x138b239a28,0x138b236a08
sfi-move,0x138b239af8,0x138b236ad8
sfi-move,0x138b23a6d8,0x138b2375a0
sfi-move,0x138b23a768,0x138b237630
sfi-move,0x138b23a7f8,0x138b2376c0
sfi-move,0x138b23a888,0x138b237750
sfi-move,0x138b23a918,0x138b2377e0
sfi-move,0x138b23a9a8,0x138b237870
sfi-move,0x138b23aa38,0x138b237900
sfi-move,0x138b23aac8,0x138b237990
sfi-move,0x138b23ab58,0x138b237a20
sfi-move,0x138b23abe8,0x138b237ab0
sfi-move,0x138b23ac78,0x138b237b40
sfi-move,0x138b23ad08,0x138b237bd0
sfi-move,0x138b23ad98,0x138b237c60
sfi-move,0x138b23ae28,0x138b237cf0
sfi-move,0x138b23aeb8,0x138b237d80
sfi-move,0x138b23af48,0x138b237e10
sfi-move,0x138b23afd8,0x138b237ea0
sfi-move,0x138b23b068,0x138b237f30
sfi-move,0x138b23b0f8,0x138b238040
sfi-move,0x138b23b188,0x138b2380d0
sfi-move,0x138b23b218,0x138b238160
sfi-move,0x138b23b2a8,0x138b2381f0
sfi-move,0x138b23b338,0x138b238280
sfi-move,0x138b23b3c8,0x138b238310
sfi-move,0x138b23b458,0x138b2383a0
sfi-move,0x138b23b4e8,0x138b238430
sfi-move,0x138b23b578,0x138b2384c0
sfi-move,0x138b23b608,0x138b238550
sfi-move,0x138b23b698,0x138b2385e0
sfi-move,0x138b23b728,0x138b238670
sfi-move,0x138b23b7b8,0x138b238700
sfi-move,0x138b23b848,0x138b238790
sfi-move,0x138b23b8d8,0x138b238820
sfi-move,0x138b23b968,0x138b2388b0
sfi-move,0x138b23b9f8,0x138b238940
sfi-move,0x138b23ba88,0x138b2389d0
sfi-move,0x138b23bb18,0x138b238a60
sfi-move,0x138b23bba8,0x138b238af0
sfi-move,0x138b23bc38,0x138b238b80
sfi-move,0x138b23bcc8,0x138b238c10
sfi-move,0x138b23bd58,0x138b238ca0
sfi-move,0x138b23bde8,0x138b238d30
sfi-move,0x138b23be78,0x138b238dc0
sfi-move,0x138b23bf08,0x138b238e50
sfi-move,0x138b23c040,0x138b238ee0
sfi-move,0x138b23c0d0,0x138b238f70
sfi-move,0x138b23c160,0x138b239000
sfi-move,0x138b23c1f0,0x138b239090
sfi-move,0x138b23c280,0x138b239120
sfi-move,0x138b23c310,0x138b2391b0
sfi-move,0x138b23c3a0,0x138b239240
sfi-move,0x138b23c430,0x138b2392d0
sfi-move,0x138b23c4c0,0x138b239360
sfi-move,0x138b23c550,0x138b2393f0
sfi-move,0x138b23c5e0,0x138b239480
sfi-move,0x138b23c670,0x138b239510
sfi-move,0x138b23c700,0x138b2395a0
sfi-move,0x138b23c790,0x138b239630
sfi-move,0x138b23c820,0x138b2396c0
sfi-move,0x138b23c8b0,0x138b239750
sfi-move,0x138b23c940,0x138b2397e0
sfi-move,0x138b23c9d0,0x138b239870
sfi-move,0x138b23ca60,0x138b239900
sfi-move,0x138b23caf0,0x138b239990
sfi-move,0x138b23cb80,0x138b239a20
sfi-move,0x138b23cc10,0x138b239ab0
sfi-move,0x138b23cca0,0x138b239b40
sfi-move,0x138b23cd30,0x138b239bd0
sfi-move,0x138b23cdc0,0x138b239c60
sfi-move,0x138b23ce50,0x138b239cf0
sfi-move,0x138b23cee0,0x138b239d80
sfi-move,0x138b23cf70,0x138b239e10
sfi-move,0x138b23d000,0x138b239ea0
sfi-move,0x138b23d090,0x138b239f30
sfi-move,0x138b23d120,0x138b23a040
sfi-move,0x138b23d1b0,0x138b23a0d0
sfi-move,0x138b23d240,0x138b23a160
sfi-move,0x138b23d2d0,0x138b23a1f0
sfi-move,0x138b23d360,0x138b23a280
sfi-move,0x138b23d3f0,0x138b23a310
sfi-move,0x138b23d480,0x138b23a3a0
sfi-move,0x138b23d510,0x138b23a430
sfi-move,0x138b23d5e8,0x138b23a508
sfi-move,0x138b23f300,0x138b23c040
sfi-move,0x138b23f390,0x138b23c0d0
sfi-move,0x138b23f420,0x138b23c160
sfi-move,0x138b23f4b0,0x138b23c1f0
sfi-move,0x138b23f540,0x138b23c280
sfi-move,0x138b23f5d0,0x138b23c310
sfi-move,0x138b23f660,0x138b23c3a0
sfi-move,0x138b23f6f0,0x138b23c430
sfi-move,0x138b23f780,0x138b23c4c0
sfi-move,0x138b23f810,0x138b23c550
sfi-move,0x138b23f8a0,0x138b23c5e0
sfi-move,0x138b23f930,0x138b23c670
sfi-move,0x138b23f9c0,0x138b23c700
sfi-move,0x138b23fa50,0x138b23c790
sfi-move,0x138b23fae0,0x138b23c820
sfi-move,0x138b23fbb8,0x138b23c8f8
sfi-move,0x138b240238,0x138b23ceb0
sfi-move,0x138b240310,0x138b23cf88
sfi-move,0x138b2403e0,0x138b23d058
sfi-move,0x138b2404b8,0x138b23d130
sfi-move,0x138b240590,0x138b23d208
sfi-move,0x138b240938,0x138b23d5b0
sfi-move,0x138b240cb0,0x138b23d8e8
sfi-move,0x138b240d40,0x138b23d978
sfi-move,0x138b240dd0,0x138b23da08
sfi-move,0x138b240e60,0x138b23da98
sfi-move,0x138b240ef0,0x138b23db28
sfi-move,0x138b240f80,0x138b23dbb8
sfi-move,0x138b241010,0x138b23dc48
sfi-move,0x138b2410a0,0x138b23dcd8
sfi-move,0x138b241130,0x138b23dd68
sfi-move,0x138b2411c0,0x138b23ddf8
sfi-move,0x138b241298,0x138b23ded0
sfi-move,0x138b2416c0,0x138b23e300
sfi-move,0x138b241798,0x138b23e3d8
code-move,0x39d3787a0040,0x39d3787a0040
code-move,0x39d3787a01a0,0x39d3787a01a0
code-move,0x39d3787a0300,0x39d3787a0300
code-move,0x39d3787a0600,0x39d3787a0600
code-move,0x39d3787a0660,0x39d3787a0660
code-move,0x39d3787a06c0,0x39d3787a06c0
code-move,0x39d3787a0720,0x39d3787a0720
code-move,0x39d3787a0780,0x39d3787a0780
code-move,0x39d3787a07e0,0x39d3787a07e0
code-move,0x39d3787a0840,0x39d3787a0840
code-move,0x39d3787a08a0,0x39d3787a08a0
code-move,0x39d3787a0900,0x39d3787a0900
code-move,0x39d3787a0960,0x39d3787a0960
code-move,0x39d3787a09c0,0x39d3787a09c0
code-move,0x39d3787a0a20,0x39d3787a0a20
code-move,0x39d3787a0a80,0x39d3787a0a80
code-move,0x39d3787a0ae0,0x39d3787a0ae0
code-move,0x39d3787a0b40,0x39d3787a0b40
code-move,0x39d3787a0ba0,0x39d3787a0ba0
code-move,0x39d3787a0c00,0x39d3787a0c00
code-move,0x39d3787a0d00,0x39d3787a0d00
code-move,0x39d3787a0da0,0x39d3787a0da0
code-move,0x39d3787a1000,0x39d3787a1000
code-move,0x39d3787a1240,0x39d3787a1240
code-move,0x39d3787a1460,0x39d3787a1460
code-move,0x39d3787a1520,0x39d3787a1520
code-move,0x39d3787a15c0,0x39d3787a15c0
code-move,0x39d3787a1640,0x39d3787a1640
code-move,0x39d3787a16c0,0x39d3787a16c0
code-move,0x39d3787a1780,0x39d3787a1780
code-move,0x39d3787a1840,0x39d3787a1840
code-move,0x39d3787a18e0,0x39d3787a18e0
code-move,0x39d3787a1940,0x39d3787a1940
code-move,0x39d3787a19a0,0x39d3787a19a0
code-move,0x39d3787a1a00,0x39d3787a1a00
code-move,0x39d3787a1a60,0x39d3787a1a60
code-move,0x39d3787a1ac0,0x39d3787a1ac0
code-move,0x39d3787a1b20,0x39d3787a1b20
code-move,0x39d3787a1b80,0x39d3787a1b80
code-move,0x39d3787a1be0,0x39d3787a1be0
code-move,0x39d3787a1c40,0x39d3787a1c40
code-move,0x39d3787a2040,0x39d3787a2040
code-move,0x39d3787a2400,0x39d3787a2400
code-move,0x39d3787a2560,0x39d3787a2560
code-move,0x39d3787a25c0,0x39d3787a25c0
code-move,0x39d3787a2640,0x39d3787a2640
code-move,0x39d3787a26e0,0x39d3787a26e0
code-move,0x39d3787a2780,0x39d3787a2780
code-move,0x39d3787a2880,0x39d3787a2880
code-move,0x39d3787a28e0,0x39d3787a28e0
code-move,0x39d3787a2940,0x39d3787a2940
code-move,0x39d3787a2d00,0x39d3787a2d00
code-move,0x39d3787a3020,0x39d3787a3020
code-move,0x39d3787a32e0,0x39d3787a32e0
code-move,0x39d3787a3380,0x39d3787a3380
code-move,0x39d3787a34a0,0x39d3787a34a0
code-move,0x39d3787a3500,0x39d3787a3500
code-move,0x39d3787a35c0,0x39d3787a35c0
code-move,0x39d3787a3980,0x39d3787a3980
code-move,0x39d3787a3b20,0x39d3787a3b20
code-move,0x39d3787a3c40,0x39d3787a3c40
code-move,0x39d3787a3ca0,0x39d3787a3ca0
code-move,0x39d3787a3d00,0x39d3787a3d00
code-move,0x39d3787a3dc0,0x39d3787a3dc0
code-move,0x39d3787a4040,0x39d3787a4040
code-move,0x39d3787a4160,0x39d3787a4160
code-move,0x39d3787a41c0,0x39d3787a41c0
code-move,0x39d3787a4220,0x39d3787a4220
code-move,0x39d3787a4360,0x39d3787a4360
code-move,0x39d3787a43c0,0x39d3787a43c0
code-move,0x39d3787a4500,0x39d3787a4500
code-move,0x39d3787a46a0,0x39d3787a46a0
code-move,0x39d3787a4880,0x39d3787a4880
code-move,0x39d3787a4a60,0x39d3787a4a60
code-move,0x39d3787a4d80,0x39d3787a4d80
code-move,0x39d3787a50a0,0x39d3787a50a0
code-move,0x39d3787a52e0,0x39d3787a52e0
code-move,0x39d3787a5340,0x39d3787a5340
code-move,0x39d3787a5700,0x39d3787a5700
code-move,0x39d3787a57a0,0x39d3787a57a0
code-move,0x39d3787a5860,0x39d3787a5860
code-move,0x39d3787a58e0,0x39d3787a58e0
code-move,0x39d3787a5980,0x39d3787a5980
code-move,0x39d3787a5a20,0x39d3787a5a20
code-move,0x39d3787a5ac0,0x39d3787a5ac0
code-move,0x39d3787a5b60,0x39d3787a5b60
code-move,0x39d3787a5c00,0x39d3787a5c00
code-move,0x39d3787a5c60,0x39d3787a5c60
code-move,0x39d3787a5ce0,0x39d3787a5ce0
code-move,0x39d3787a6040,0x39d3787a6040
code-move,0x39d3787a6120,0x39d3787a6120
code-move,0x39d3787a6200,0x39d3787a6200
code-move,0x39d3787a68c0,0x39d3787a68c0
code-move,0x39d3787a6a20,0x39d3787a6a20
code-move,0x39d3787a6b20,0x39d3787a6b20
code-move,0x39d3787a6bc0,0x39d3787a6bc0
code-move,0x39d3787a6fa0,0x39d3787a6fa0
code-move,0x39d3787a7500,0x39d3787a7500
code-move,0x39d3787a7780,0x39d3787a7780
code-move,0x39d3787a78a0,0x39d3787a78a0
code-move,0x39d3787a79c0,0x39d3787a79c0
code-move,0x39d3787a7ae0,0x39d3787a7ae0
code-move,0x39d3787a7c00,0x39d3787a7c00
code-move,0x39d3787a7d20,0x39d3787a7d20
code-move,0x39d3787a7ea0,0x39d3787a7ea0
code-move,0x39d3787a8040,0x39d3787a8040
code-move,0x39d3787a8120,0x39d3787a8120
code-move,0x39d3787a8200,0x39d3787a8200
code-move,0x39d3787a8320,0x39d3787a8320
code-move,0x39d3787a84a0,0x39d3787a84a0
code-move,0x39d3787a85c0,0x39d3787a85c0
code-move,0x39d3787a86a0,0x39d3787a86a0
code-move,0x39d3787a87a0,0x39d3787a87a0
code-move,0x39d3787a8800,0x39d3787a8800
code-move,0x39d3787a8a20,0x39d3787a8a20
code-move,0x39d3787a8ac0,0x39d3787a8ac0
code-move,0x39d3787a8bc0,0x39d3787a8bc0
code-move,0x39d3787a8ea0,0x39d3787a8ea0
code-move,0x39d3787a8f40,0x39d3787a8f40
code-move,0x39d3787a9020,0x39d3787a9020
code-move,0x39d3787a90c0,0x39d3787a90c0
code-move,0x39d3787a9280,0x39d3787a9280
code-move,0x39d3787a9440,0x39d3787a9440
code-move,0x39d3787a94c0,0x39d3787a94c0
code-move,0x39d3787a9580,0x39d3787a9580
code-move,0x39d3787a96a0,0x39d3787a96a0
code-move,0x39d3787a9780,0x39d3787a9780
code-move,0x39d3787a9860,0x39d3787a9860
code-move,0x39d3787a9b40,0x39d3787a9b40
code-move,0x39d3787a9be0,0x39d3787a9be0
code-move,0x39d3787a9c80,0x39d3787a9c80
code-move,0x39d3787a9d20,0x39d3787a9d20
code-move,0x39d3787aa040,0x39d3787aa040
code-move,0x39d3787aa2a0,0x39d3787aa2a0
code-move,0x39d3787aa520,0x39d3787aa520
code-move,0x39d3787aa5c0,0x39d3787aa5c0
code-move,0x39d3787aa660,0x39d3787aa660
code-move,0x39d3787aa700,0x39d3787aa700
code-move,0x39d3787aa7e0,0x39d3787aa7e0
code-move,0x39d3787aad00,0x39d3787aad00
code-move,0x39d3787aade0,0x39d3787aade0
code-move,0x39d3787aaec0,0x39d3787aaec0
code-move,0x39d3787aafa0,0x39d3787aafa0
code-move,0x39d3787ab080,0x39d3787ab080
code-move,0x39d3787ab160,0x39d3787ab160
code-move,0x39d3787abb20,0x39d3787abb20
code-move,0x39d3787abc00,0x39d3787abc00
code-move,0x39d3787abce0,0x39d3787abce0
code-move,0x39d3787ac040,0x39d3787ac040
code-move,0x39d3787ac120,0x39d3787ac120
code-move,0x39d3787ac200,0x39d3787ac200
code-move,0x39d3787ac280,0x39d3787ac280
code-move,0x39d3787ac300,0x39d3787ac300
code-move,0x39d3787ac540,0x39d3787ac540
code-move,0x39d3787ac600,0x39d3787ac600
code-move,0x39d3787ac720,0x39d3787ac720
code-move,0x39d3787ac7e0,0x39d3787ac7e0
code-move,0x39d3787ac8e0,0x39d3787ac860
code-move,0x39d3787aca00,0x39d3787ac980
code-move,0x39d3787acae0,0x39d3787aca60
code-move,0x39d3787acc20,0x39d3787acba0
code-move,0x39d3787acd00,0x39d3787acc80
code-move,0x39d3787acf80,0x39d3787ace40
code-move,0x39d3787ad060,0x39d3787acf20
code-move,0x39d3787ad140,0x39d3787ad000
code-move,0x39d3787ad1c0,0x39d3787ad080
code-move,0x39d3787ad240,0x39d3787ad100
code-move,0x39d3787ad5a0,0x39d3787ad460
code-move,0x39d3787ad640,0x39d3787ad500
code-move,0x39d3787ad760,0x39d3787ad620
code-move,0x39d3787ad8e0,0x39d3787ad7a0
code-move,0x39d3787ad9c0,0x39d3787ad880
code-move,0x39d3787adaa0,0x39d3787ad960
code-move,0x39d3787adec0,0x39d3787add80
code-move,0x39d3787ae040,0x39d3787ade60
code-move,0x39d3787ae120,0x39d3787ae040
code-move,0x39d3787ae200,0x39d3787ae120
code-move,0x39d3787ae320,0x39d3787ae240
code-move,0x39d3787ae400,0x39d3787ae320
code-move,0x39d3787ae580,0x39d3787ae4a0
code-move,0x39d3787ae620,0x39d3787ae540
code-move,0x39d3787ae800,0x39d3787ae720
code-move,0x39d3787aec20,0x39d3787aeb40
code-move,0x39d3787aed00,0x39d3787aec20
code-move,0x39d3787af0a0,0x39d3787aefc0
code-move,0x39d3787af1c0,0x39d3787af0e0
code-move,0x39d3787af2e0,0x39d3787af200
code-move,0x39d3787af400,0x39d3787af320
code-move,0x39d3787af4e0,0x39d3787af400
code-move,0x39d3787af5c0,0x39d3787af4e0
code-move,0x39d3787af6a0,0x39d3787af5c0
code-move,0x39d3787af780,0x39d3787af6a0
code-move,0x39d3787b0040,0x39d3787b0040
code-move,0x39d3787b09a0,0x39d3787b09a0
code-move,0x39d3787b0a80,0x39d3787b0a80
code-move,0x39d3787b0b60,0x39d3787b0b60
code-move,0x39d3787b0d40,0x39d3787b0d40
code-move,0x39d3787b0dc0,0x39d3787b0dc0
code-move,0x39d3787b1040,0x39d3787b0ea0
code-move,0x39d3787b1120,0x39d3787b0f80
code-move,0x39d3787b1220,0x39d3787b1080
code-move,0x39d3787b1300,0x39d3787b1160
code-move,0x39d3787b13e0,0x39d3787b1240
code-move,0x39d3787b1780,0x39d3787b15e0
code-move,0x39d3787b1920,0x39d3787b1780
code-move,0x39d3787b1a00,0x39d3787b1860
code-move,0x39d3787b2040,0x39d3787b1e60
code-move,0x39d3787b21a0,0x39d3787b2040
code-move,0x39d3787b2320,0x39d3787b2120
code-move,0x39d3787b2440,0x39d3787b2240
code-move,0x39d3787b25e0,0x39d3787b23e0
code-move,0x39d3787b2860,0x39d3787b2660
code-move,0x39d3787b28e0,0x39d3787b26e0
code-move,0x39d3787b29c0,0x39d3787b27c0
code-move,0x39d3787b2fa0,0x39d3787b2da0
code-move,0x39d3787b3080,0x39d3787b2e80
code-move,0x39d3787b3160,0x39d3787b2f60
code-move,0x39d3787b3240,0x39d3787b3040
code-move,0x39d3787b3320,0x39d3787b3120
code-move,0x39d3787b3d00,0x39d3787b3b00
code-move,0x39d3787b3dc0,0x39d3787b3bc0
code-move,0x39d3787b3ea0,0x39d3787b3ca0
code-move,0x39d3787b4040,0x39d3787b3d80
code-move,0x39d3787b4120,0x39d3787b3e60
code-move,0x39d3787b4200,0x39d3787b4040
code-move,0x39d3787b43c0,0x39d3787b4200
code-move,0x39d3787b4440,0x39d3787b4280
code-move,0x39d3787b4520,0x39d3787b4360
code-move,0x39d3787b4760,0x39d3787b45a0
code-move,0x39d3787b4ac0,0x39d3787b4900
code-move,0x39d3787b5000,0x39d3787b4e40
code-move,0x39d3787b50c0,0x39d3787b4f00
code-move,0x39d3787b5280,0x39d3787b4fc0
code-move,0x39d3787b54a0,0x39d3787b51e0
code-move,0x39d3787b5540,0x39d3787b5280
code-move,0x39d3787b5740,0x39d3787b5480
code-move,0x39d3787b58c0,0x39d3787b5500
code-move,0x39d3787b5b00,0x39d3787b55e0
code-move,0x39d3787b5bc0,0x39d3787b56a0
code-move,0x39d3787b5ce0,0x39d3787b57c0
code-move,0x39d3787b5dc0,0x39d3787b58a0
code-move,0x39d3787b6040,0x39d3787b5a00
code-move,0x39d3787b6160,0x39d3787b5b20
code-move,0x39d3787b6520,0x39d3787b6040
code-move,0x39d3787b6c60,0x39d3787b6780
code-move,0x39d3787b6e20,0x39d3787b6940
code-move,0x39d3787b6fc0,0x39d3787b6ae0
code-move,0x39d3787b72a0,0x39d3787b6ba0
code-move,0x39d3787b74e0,0x39d3787b6c60
code-move,0x39d3787b75a0,0x39d3787b6d20
code-move,0x39d3787b77e0,0x39d3787b6de0
code-move,0x39d3787b7a20,0x39d3787b6ea0
code-move,0x39d3787b7b00,0x39d3787b6f80
code-move,0x39d3787b7be0,0x39d3787b7060
code-move,0x39d3787b7ce0,0x39d3787b7160
code-move,0x39d3787b7dc0,0x39d3787b7240
code-move,0x39d3787b7e60,0x39d3787b72e0
code-move,0x39d3787b7f60,0x39d3787b73e0
code-move,0x39d3787b8040,0x39d3787b7480
code-move,0x39d3787b80e0,0x39d3787b7520
code-move,0x39d3787b8160,0x39d3787b8040
code-move,0x39d3787b9540,0x39d3787b9420
code-move,0x39d3787b9740,0x39d3787b9620
code-move,0x39d3787b9960,0x39d3787b9840
code-move,0x39d3787b9a00,0x39d3787b98e0
code-move,0x39d3787b9aa0,0x39d3787b9980
code-move,0x39d3787b9ba0,0x39d3787b9a80
code-move,0x39d3787b9c40,0x39d3787b9b20
code-move,0x39d3787b9ce0,0x39d3787b9bc0
code-move,0x39d3787ba0c0,0x39d3787b9ca0
code-move,0x39d3787ba300,0x39d3787b9d80
code-move,0x39d3787ba480,0x39d3787b9e60
code-move,0x39d3787ba520,0x39d3787b9f00
code-move,0x39d3787ba5c0,0x39d3787ba040
code-move,0x39d3787ba8a0,0x39d3787ba0e0
code-move,0x39d3787ba9c0,0x39d3787ba200
code-move,0x39d3787baac0,0x39d3787ba300
code-move,0x39d3787bb2a0,0x39d3787ba960
code-move,0x39d3787bb340,0x39d3787baa00
code-move,0x39d3787bba60,0x39d3787bb120
code-move,0x39d3787bbbc0,0x39d3787bb280
code-move,0x39d3787bbd80,0x39d3787bb440
code-move,0x39d3787bc040,0x39d3787bb640
code-move,0x39d3787bc120,0x39d3787bb720
code-move,0x39d3787bc200,0x39d3787bb800
code-move,0x39d3787bc9a0,0x39d3787bc040
code-move,0x39d3787bca80,0x39d3787bc120
code-move,0x39d3787bcc60,0x39d3787bc300
code-move,0x39d3787bcd40,0x39d3787bc3e0
code-move,0x39d3787bce00,0x39d3787bc4a0
code-move,0x39d3787bce80,0x39d3787bc520
code-move,0x39d3787bcf80,0x39d3787bc620
code-move,0x39d3787bd000,0x39d3787bc6a0
code-move,0x39d3787bd0e0,0x39d3787bc780
code-move,0x39d3787bdd40,0x39d3787bd3e0
code-move,0x39d3787bde80,0x39d3787bd520
code-move,0x39d3787be040,0x39d3787bd600
code-move,0x39d3787be660,0x39d3787be040
code-move,0x39d3787bec80,0x39d3787be660
code-move,0x39d3787bed40,0x39d3787be720
code-move,0x39d3787bee20,0x39d3787be800
code-move,0x39d3787befe0,0x39d3787be9c0
code-move,0x39d3787bf060,0x39d3787bea40
code-move,0x39d3787bf0e0,0x39d3787beac0
code-move,0x39d3787bf340,0x39d3787bed20
code-move,0x39d3787bf420,0x39d3787bee00
code-move,0x39d3787bf6c0,0x39d3787beee0
code-move,0x39d3787bf7e0,0x39d3787bf000
snapshot-code-name,70682,"Stub:BinaryOpStub_SUB_Alloc_Uninitialized"
snapshot-pos,0x39d3787a9440,70682
snapshot-code-name,70799,"Stub:CEntryStub"
snapshot-pos,0x39d3787a0300,70799
snapshot-code-name,71601,"Stub:CompareICStub"
snapshot-pos,0x39d3787a6b20,71601
snapshot-code-name,71834,"Stub:BinaryOpStub_SAR_Alloc_Uninitialized"
snapshot-pos,0x39d3787ac200,71834
snapshot-code-name,72013,"Stub:BinaryOpStub_SAR_Alloc_SMI"
snapshot-pos,0x39d3787ac600,72013
snapshot-code-name,72325,"Stub:FastCloneShallowArrayStub"
snapshot-pos,0x39d3787aa700,72325
snapshot-code-name,72571,"Stub:CompareICStub"
snapshot-pos,0x39d3787ac720,72571
snapshot-code-name,72792,"Stub:BinaryOpStub_BIT_OR_Alloc_SMI"
snapshot-pos,0x39d3787b9980,72792
snapshot-code-name,73071,"Stub:FastNewClosureStub"
snapshot-pos,0x39d3787af320,73071
snapshot-code-name,73375,"Stub:NumberToStringStub"
snapshot-pos,0x39d3787a9d20,73375
snapshot-code-name,73741,"Stub:CompareICStub"
snapshot-pos,0x39d3787ac540,73741
snapshot-code-name,73952,"Stub:FastCloneShallowArrayStub"
snapshot-pos,0x39d3787ba200,73952
snapshot-code-name,74258,"Stub:CompareStub_EQ"
snapshot-pos,0x39d3787bb440,74258
snapshot-code-name,74803,"Stub:CompareICStub"
snapshot-pos,0x39d3787aa5c0,74803
snapshot-code-name,74982,"Stub:FastCloneShallowArrayStub"
snapshot-pos,0x39d3787b1160,74982
snapshot-code-name,75301,"Stub:FastNewContextStub"
snapshot-pos,0x39d3787a96a0,75301
snapshot-code-name,75620,"Stub:CompareICStub"
snapshot-pos,0x39d3787a8a20,75620
snapshot-code-name,75799,"Stub:CompareICStub"
snapshot-pos,0x39d3787ba960,75799
snapshot-code-name,75988,"Stub:BinaryOpStub_ADD_Alloc_Uninitialized"
snapshot-pos,0x39d3787ac280,75988
snapshot-code-name,76212,"Stub:CallFunctionStub_Args2"
snapshot-pos,0x39d3787af400,76212
snapshot-code-name,76344,"Builtin:ArgumentsAdaptorTrampoline"
snapshot-pos,0x39d3787a0c00,76344
snapshot-code-name,76789,"Stub:StringAddStub"
snapshot-pos,0x39d3787b4900,76789
snapshot-code-name,78159,"Stub:ArgumentsAccessStub_ReadElement"
snapshot-pos,0x39d3787a94c0,78159
snapshot-code-name,78385,"Stub:StringAddStub"
snapshot-pos,0x39d3787a6fa0,78385
snapshot-code-name,79788,"Stub:StringAddStub"
snapshot-pos,0x39d3787be040,79788
snapshot-code-name,81462,"Stub:BinaryOpStub_ADD_OverwriteLeft_Uninitialized"
snapshot-pos,0x39d3787ad000,81462
snapshot-code-name,81612,"Stub:BinaryOpStub_MUL_Alloc_Uninitialized"
snapshot-pos,0x39d3787be9c0,81612
snapshot-code-name,81772,"Stub:BinaryOpStub_ADD_Alloc_Strings"
snapshot-pos,0x39d3787be660,81772
snapshot-code-name,81865,"Stub:StringAddStub"
snapshot-pos,0x39d3787bd600,81865
snapshot-code-name,83560,"Stub:CompareICStub"
snapshot-pos,0x39d3787b4f00,83560
snapshot-code-name,83824,"Stub:CompareICStub"
snapshot-pos,0x39d3787aa660,83824
snapshot-code-name,84057,"Stub:JSConstructEntryStub"
snapshot-pos,0x39d3787a01a0,84057
snapshot-code-name,84422,"Stub:ToBooleanStub_None"
snapshot-pos,0x39d3787a87a0,84422
snapshot-code-name,84603,"Stub:BinaryOpStub_ADD_Alloc_BothStrings"
snapshot-pos,0x39d3787b4e40,84603
snapshot-code-name,84827,"Stub:ToBooleanStub_Undefined"
snapshot-pos,0x39d3787b5480,84827
snapshot-code-name,84996,"Stub:FastCloneShallowArrayStub"
snapshot-pos,0x39d3787a8ac0,84996
snapshot-code-name,85292,"Stub:BinaryOpStub_ADD_Alloc_SMI"
snapshot-pos,0x39d3787ac860,85292
snapshot-code-name,85603,"Stub:CompareStub_EQ_STRICT"
snapshot-pos,0x39d3787b4fc0,85603
snapshot-code-name,86187,"Stub:StringDictionaryNegativeLookupStub"
snapshot-pos,0x39d3787a35c0,86187
snapshot-code-name,87196,"Stub:BinaryOpStub_ADD_OverwriteLeft_SMI"
snapshot-pos,0x39d3787ad500,87196
snapshot-code-name,87598,"Stub:KeyedLoadElementStub"
snapshot-pos,0x39d3787ac7e0,87598
snapshot-code-name,87719,"Builtin:KeyedLoadIC_MissForceGeneric"
snapshot-pos,0x39d3787a19a0,87719
snapshot-code-name,87849,"Stub:CallFunctionStub_Args0"
snapshot-pos,0x39d3787aeb40,87849
snapshot-code-name,88119,"Stub:CallFunctionStub_Args3"
snapshot-pos,0x39d3787af4e0,88119
snapshot-code-name,88370,"Stub:CallFunctionStub_Args1"
snapshot-pos,0x39d3787b3e60,88370
snapshot-code-name,88631,"Stub:StringDictionaryNegativeLookupStub"
snapshot-pos,0x39d3787a2940,88631
snapshot-code-name,89615,"Stub:FastCloneShallowArrayStub"
snapshot-pos,0x39d3787a86a0,89615
snapshot-code-name,89974,"Stub:StringDictionaryNegativeLookupStub"
snapshot-pos,0x39d3787a2040,89974
snapshot-code-name,91019,"Stub:FastNewContextStub"
snapshot-pos,0x39d3787b57c0,91019
snapshot-code-name,91265,"Stub:CompareICStub"
snapshot-pos,0x39d3787aa520,91265
snapshot-code-name,91443,"Stub:ToBooleanStub_Bool"
snapshot-pos,0x39d3787b0d40,91443
snapshot-code-name,91657,"Stub:CompareICStub"
snapshot-pos,0x39d3787ae4a0,91657
snapshot-code-name,91863,"Stub:ArgumentsAccessStub_NewNonStrictSlow"
snapshot-pos,0x39d3787a9020,91863
snapshot-code-name,92064,"Stub:ToNumberStub"
snapshot-pos,0x39d3787ad080,92064
snapshot-code-name,92309,"Stub:ToBooleanStub_SpecObject"
snapshot-pos,0x39d3787ad460,92309
snapshot-code-name,92491,"Stub:BinaryOpStub_BIT_OR_Alloc_Uninitialized"
snapshot-pos,0x39d3787b7520,92491
snapshot-code-name,92651,"Stub:BinaryOpStub_ADD_OverwriteRight_Uninitialized"
snapshot-pos,0x39d3787bea40,92651
snapshot-code-name,92811,"Stub:StackCheckStub"
snapshot-pos,0x39d3787a52e0,92811
snapshot-code-name,92975,"Stub:CompareICStub"
snapshot-pos,0x39d3787b6c60,92975
snapshot-code-name,93184,"Stub:CompareICStub"
snapshot-pos,0x39d3787bb640,93184
snapshot-code-name,93464,"Stub:StringCompareStub"
snapshot-pos,0x39d3787a6a20,93464
snapshot-code-name,93771,"Stub:JSEntryStub"
snapshot-pos,0x39d3787a0040,93771
snapshot-code-name,94265,"CallInitialize:36"
snapshot-pos,0x39d3787b26e0,94265
snapshot-code-name,94526,"CallInitialize:2"
snapshot-pos,0x39d3787a9780,94526
snapshot-code-name,94769,"CallPreMonomorphic:12"
snapshot-pos,0x39d3787ace40,94769
snapshot-code-name,95022,"CallPreMonomorphic:30"
snapshot-pos,0x39d3787b3d80,95022
snapshot-code-name,95373,"CallInitialize:12"
snapshot-pos,0x39d3787aaec0,95373
snapshot-code-name,95644,"CallPreMonomorphic:6"
snapshot-pos,0x39d3787b1080,95644
snapshot-code-name,95915,"CallInitialize:10"
snapshot-pos,0x39d3787abc00,95915
snapshot-code-name,96158,"CallPreMonomorphic:92"
snapshot-pos,0x39d3787bc040,96158
snapshot-code-name,96428,"CallPreMonomorphic:5"
snapshot-pos,0x39d3787b3bc0,96428
snapshot-code-name,96671,"CallMiss:0"
snapshot-pos,0x39d3787b9bc0,96671
snapshot-code-name,96914,"CallInitialize:1"
snapshot-pos,0x39d3787a6040,96914
snapshot-code-name,97156,"CallInitialize:92"
snapshot-pos,0x39d3787bb720,97156
snapshot-code-name,97408,"CallPreMonomorphic:70"
snapshot-pos,0x39d3787b1e60,97408
snapshot-code-name,97650,"CallPreMonomorphic:10"
snapshot-pos,0x39d3787ac040,97650
snapshot-code-name,97893,"CallPreMonomorphic:4"
snapshot-pos,0x39d3787ae240,97893
snapshot-code-name,98146,"CallInitialize:6"
snapshot-pos,0x39d3787af6a0,98146
snapshot-code-name,98391,"CallPreMonomorphic:38"
snapshot-pos,0x39d3787acf20,98391
snapshot-code-name,98688,"CallMiss:3"
snapshot-pos,0x39d3787b2040,98688
snapshot-code-name,98977,"CallPreMonomorphic:3"
snapshot-pos,0x39d3787ac120,98977
snapshot-code-name,99257,"CallInitialize:38"
snapshot-pos,0x39d3787aafa0,99257
snapshot-code-name,99509,"CallMiss:2"
snapshot-pos,0x39d3787bee00,99509
snapshot-code-name,99751,"CallPreMonomorphic:36"
snapshot-pos,0x39d3787b2da0,99751
snapshot-code-name,99993,"CallInitialize:20"
snapshot-pos,0x39d3787ad7a0,99993
snapshot-code-name,100254,"CallPreMonomorphic:26"
snapshot-pos,0x39d3787ade60,100254
snapshot-code-name,100496,"CallInitialize:14"
snapshot-pos,0x39d3787b2f60,100496
snapshot-code-name,100739,"CallMiss:1"
snapshot-pos,0x39d3787b9d80,100739
snapshot-code-name,100982,"CallPreMonomorphic:8"
snapshot-pos,0x39d3787bd520,100982
snapshot-code-name,101235,"CallInitialize:70"
snapshot-pos,0x39d3787b1780,101235
snapshot-code-name,101523,"CallInitialize:0"
snapshot-pos,0x39d3787b6f80,101523
snapshot-code-name,101766,"CallPreMonomorphic:1"
snapshot-pos,0x39d3787acba0,101766
snapshot-code-name,102009,"CallInitialize:26"
snapshot-pos,0x39d3787ad880,102009
snapshot-code-name,102261,"CallPreMonomorphic:14"
snapshot-pos,0x39d3787b3ca0,102261
snapshot-code-name,102504,"CallPreMonomorphic:0"
snapshot-pos,0x39d3787b7160,102504
snapshot-code-name,102747,"CallInitialize:30"
snapshot-pos,0x39d3787b3040,102747
snapshot-code-name,103026,"CallPreMonomorphic:2"
snapshot-pos,0x39d3787b09a0,103026
snapshot-code-name,103269,"CallPreMonomorphic:42"
snapshot-pos,0x39d3787b0ea0,103269
snapshot-code-name,103566,"CallInitialize:8"
snapshot-pos,0x39d3787bc6a0,103566
snapshot-code-name,103809,"CallMiss:1"
snapshot-pos,0x39d3787b0dc0,103809
snapshot-code-name,104051,"CallInitialize:2"
snapshot-pos,0x39d3787a6120,104051
snapshot-code-name,104312,"CallPreMonomorphic:2"
snapshot-pos,0x39d3787be720,104312
snapshot-code-name,104554,"CallInitialize:3"
snapshot-pos,0x39d3787ab080,104554
snapshot-code-name,104861,"CallInitialize:1"
snapshot-pos,0x39d3787ac980,104861
snapshot-code-name,105104,"CallPreMonomorphic:1"
snapshot-pos,0x39d3787b0a80,105104
snapshot-code-name,105346,"CallInitialize:5"
snapshot-pos,0x39d3787b2e80,105346
snapshot-code-name,105589,"CallPreMonomorphic:20"
snapshot-pos,0x39d3787add80,105589
snapshot-code-name,105831,"CallInitialize:42"
snapshot-pos,0x39d3787af5c0,105831
snapshot-code-name,106083,"CallInitialize:0"
snapshot-pos,0x39d3787aade0,106083
snapshot-code-name,106345,"CallInitialize:4"
snapshot-pos,0x39d3787ae040,106345
snapshot-code-name,106616,"CallMiss:2"
snapshot-pos,0x39d3787b5500,106616
snapshot-code-name,106859,"CallPreMonomorphic:0"
snapshot-pos,0x39d3787abb20,106859
snapshot-code-name,135012,"Builtin:Return_DebugBreak"
snapshot-pos,0x39d3787a5700,135012
snapshot-code-name,135168,"Builtin:Slot_DebugBreak"
snapshot-pos,0x39d3787a5b60,135168
snapshot-code-name,135375,"Script:native math.js"
snapshot-pos,0x39d3787b23e0,135375
snapshot-code-name,135750,"LazyCompile:MathConstructor native math.js:38"
snapshot-pos,0x39d3787b2660,135750
snapshot-code-name,135954,"Builtin:JSConstructStubGeneric"
snapshot-pos,0x39d3787a1000,135954
snapshot-code-name,138958,"Builtin:LazyCompile"
snapshot-pos,0x39d3787a15c0,138958
snapshot-code-name,141622,"LazyCompile:SetUpMath native math.js:198"
snapshot-pos,0x39d3787b27c0,141622
snapshot-code-name,142071,"Builtin:LoadIC_Initialize"
snapshot-pos,0x39d3787a1be0,142071
snapshot-code-name,143968,"Builtin:JSConstructCall"
snapshot-pos,0x39d3787a0d00,143968
snapshot-code-name,144229,"Builtin:StoreIC_Initialize"
snapshot-pos,0x39d3787a34a0,144229
snapshot-code-name,144646,"Script:native v8natives.js"
snapshot-pos,0x39d3787ab160,144646
snapshot-code-name,145326,"LazyCompile:InstallFunctions native v8natives.js:48"
snapshot-pos,0x39d3787ac300,145326
snapshot-code-name,145673,"Builtin:KeyedLoadIC_Initialize"
snapshot-pos,0x39d3787a2880,145673
snapshot-code-name,159054,"LazyCompile:InstallFunctionsOnHiddenPrototype native v8natives.js:67"
snapshot-pos,0x39d3787b0f80,159054
snapshot-code-name,159523,"LazyCompile:SetUpLockedPrototype native v8natives.js:79"
snapshot-pos,0x39d3787ad100,159523
snapshot-code-name,160943,"LazyCompile:isFinite native v8natives.js:115"
snapshot-pos,0x39d3787bb280,160943
snapshot-code-name,162022,"LazyCompile:SetUpGlobal native v8natives.js:193"
snapshot-pos,0x39d3787abce0,162022
snapshot-code-name,163323,"LazyCompile:hasOwnProperty native v8natives.js:264"
snapshot-pos,0x39d3787b0b60,163323
snapshot-code-name,165350,"LazyCompile:IsAccessorDescriptor native v8natives.js:360"
snapshot-pos,0x39d3787b7060,165350
snapshot-code-name,165879,"LazyCompile:IsDataDescriptor native v8natives.js:367"
snapshot-pos,0x39d3787b72e0,165879
snapshot-code-name,166409,"LazyCompile:IsGenericDescriptor native v8natives.js:374"
snapshot-pos,0x39d3787b9ca0,166409
snapshot-code-name,166831,"LazyCompile:IsInconsistentDescriptor native v8natives.js:379"
snapshot-pos,0x39d3787b6ea0,166831
snapshot-code-name,167521,"LazyCompile:ToPropertyDescriptor native v8natives.js:432"
snapshot-pos,0x39d3787b6040,167521
snapshot-code-name,170401,"LazyCompile:PropertyDescriptor native v8natives.js:494"
snapshot-pos,0x39d3787b6780,170401
snapshot-code-name,171464,"LazyCompile:ConvertDescriptorArrayToDescriptor native v8natives.js:593"
snapshot-pos,0x39d3787b9620,171464
snapshot-code-name,172986,"LazyCompile:DefineOwnProperty native v8natives.js:692"
snapshot-pos,0x39d3787b8040,172986
snapshot-code-name,181583,"LazyCompile:SetUpObject native v8natives.js:1186"
snapshot-pos,0x39d3787ad960,181583
snapshot-code-name,183121,"LazyCompile:SetUpBoolean native v8natives.js:1249"
snapshot-pos,0x39d3787ae120,183121
snapshot-code-name,184313,"LazyCompile:SetUpNumber native v8natives.js:1372"
snapshot-pos,0x39d3787ae720,184313
snapshot-code-name,186225,"LazyCompile:NewFunction native v8natives.js:1527"
snapshot-pos,0x39d3787aec20,186225
snapshot-code-name,186727,"Builtin:KeyedStoreIC_Initialize"
snapshot-pos,0x39d3787a41c0,186727
snapshot-code-name,187858,"LazyCompile:SetUpFunction native v8natives.js:1553"
snapshot-pos,0x39d3787aefc0,187858
snapshot-code-name,188506,"LazyCompile:$Object.constructor native v8natives.js:220"
snapshot-pos,0x39d3787aca60,188506
snapshot-code-name,189938,"LazyCompile:$Array.enumerable_ native v8natives.js:535"
snapshot-pos,0x39d3787b73e0,189938
snapshot-code-name,190290,"LazyCompile:$Array.writable_ native v8natives.js:538"
snapshot-pos,0x39d3787b6ae0,190290
snapshot-code-name,190778,"LazyCompile:$Array.writable_ native v8natives.js:542"
snapshot-pos,0x39d3787b98e0,190778
snapshot-code-name,191130,"LazyCompile:$Array.writable_ native v8natives.js:545"
snapshot-pos,0x39d3787b9840,191130
snapshot-code-name,191806,"LazyCompile:$Array.configurable_ native v8natives.js:555"
snapshot-pos,0x39d3787b7480,191806
snapshot-code-name,192158,"LazyCompile:$Array.get_ native v8natives.js:558"
snapshot-pos,0x39d3787b6ba0,192158
snapshot-code-name,192621,"LazyCompile:$Array.get_ native v8natives.js:562"
snapshot-pos,0x39d3787b9a80,192621
snapshot-code-name,192973,"LazyCompile:$Array.get_ native v8natives.js:565"
snapshot-pos,0x39d3787b9b20,192973
snapshot-code-name,193325,"LazyCompile:$Array.set_ native v8natives.js:568"
snapshot-pos,0x39d3787b6d20,193325
snapshot-code-name,193788,"LazyCompile:$Array.set_ native v8natives.js:572"
snapshot-pos,0x39d3787b9e60,193788
snapshot-code-name,194140,"LazyCompile:$Array.set_ native v8natives.js:575"
snapshot-pos,0x39d3787b7240,194140
snapshot-code-name,194492,"LazyCompile:d native v8natives.js:578"
snapshot-pos,0x39d3787b6de0,194492
snapshot-code-name,194920,"LazyCompile:d native v8natives.js:582"
snapshot-pos,0x39d3787ba040,194920
snapshot-code-name,195273,"LazyCompile: native v8natives.js:585"
snapshot-pos,0x39d3787b9f00,195273
snapshot-code-name,195665,"LazyCompile:a native v8natives.js:1171"
snapshot-pos,0x39d3787ad620,195665
snapshot-code-name,196364,"LazyCompile:b native v8natives.js:1264"
snapshot-pos,0x39d3787ae320,196364
snapshot-code-name,197390,"Script:native uri.js"
snapshot-pos,0x39d3787b2120,197390
snapshot-code-name,203325,"LazyCompile:SetUpUri native uri.js:395"
snapshot-pos,0x39d3787b2240,203325
snapshot-code-name,204205,"Script:native json.js"
snapshot-pos,0x39d3787beee0,204205
snapshot-code-name,208467,"LazyCompile:SetUpJSON native json.js:340"
snapshot-pos,0x39d3787bf000,208467
snapshot-code-name,209238,"Script:native apinatives.js"
snapshot-pos,0x39d3787ba0e0,209238
snapshot-code-name,210447,"Script:native date.js"
snapshot-pos,0x39d3787ba300,210447
snapshot-code-name,222803,"LazyCompile:TimeClip native date.js:378"
snapshot-pos,0x39d3787bb120,222803
snapshot-code-name,231863,"LazyCompile:SetUpDate native date.js:1051"
snapshot-pos,0x39d3787bb800,231863
snapshot-code-name,235215,"LazyCompile:WeekDays native date.js:398"
snapshot-pos,0x39d3787baa00,235215
snapshot-code-name,239427,"Script:native array.js"
snapshot-pos,0x39d3787af0e0,239427
snapshot-code-name,255045,"LazyCompile:SetUpArray native array.js:1317"
snapshot-pos,0x39d3787b0040,255045
snapshot-code-name,255741,"Function:getFunction native array.js:1330"
snapshot-pos,0x39d3787af200,255741
snapshot-code-name,258795,"Script:native string.js"
snapshot-pos,0x39d3787b1240,258795
snapshot-code-name,273192,"LazyCompile:SetUpString native string.js:943"
snapshot-pos,0x39d3787b1860,273192
snapshot-code-name,274956,"LazyCompile:b native string.js:36"
snapshot-pos,0x39d3787b15e0,274956
snapshot-code-name,276719,"Script:native messages.js"
snapshot-pos,0x39d3787b3120,276719
snapshot-code-name,287811,"LazyCompile:MakeGenericError native messages.js:107"
snapshot-pos,0x39d3787b56a0,287811
snapshot-code-name,288781,"LazyCompile:MakeRangeError native messages.js:297"
snapshot-pos,0x39d3787b55e0,288781
snapshot-code-name,291783,"LazyCompile:DefineOneShotAccessor native messages.js:727"
snapshot-pos,0x39d3787b5b20,291783
snapshot-code-name,292122,"Function:getter native messages.js:733"
snapshot-pos,0x39d3787b58a0,292122
snapshot-code-name,292670,"Function:setter native messages.js:741"
snapshot-pos,0x39d3787b5a00,292670
snapshot-code-name,296202,"LazyCompile:captureStackTrace native messages.js:1054"
snapshot-pos,0x39d3787b5280,296202
snapshot-code-name,296803,"Function: native messages.js:1063"
snapshot-pos,0x39d3787b51e0,296803
snapshot-code-name,297360,"LazyCompile:SetUpError native messages.js:1069"
snapshot-pos,0x39d3787b4040,297360
snapshot-code-name,297597,"LazyCompile:DefineError native messages.js:1072"
snapshot-pos,0x39d3787b45a0,297597
snapshot-code-name,297986,"Function:ErrorPrototype native messages.js:1088"
snapshot-pos,0x39d3787b4200,297986
snapshot-code-name,298855,"Function: native messages.js:1104"
snapshot-pos,0x39d3787b4360,298855
snapshot-code-name,299315,"Function: native messages.js:1115"
snapshot-pos,0x39d3787b4280,299315
snapshot-code-name,302071,"LazyCompile:b native messages.js:124"
snapshot-pos,0x39d3787b3b00,302071
snapshot-code-name,305188,"Script:native regexp.js"
snapshot-pos,0x39d3787bc120,305188
snapshot-code-name,309626,"LazyCompile:RegExpConstructor native regexp.js:86"
snapshot-pos,0x39d3787bd3e0,309626
snapshot-code-name,311597,"LazyCompile:RegExpMakeCaptureGetter native regexp.js:370"
snapshot-pos,0x39d3787bed20,311597
snapshot-code-name,311809,"Function: native regexp.js:371"
snapshot-pos,0x39d3787beac0,311809
snapshot-code-name,312987,"LazyCompile:SetUpRegExp native regexp.js:408"
snapshot-pos,0x39d3787bc780,312987
snapshot-code-name,313769,"Function:RegExpGetInput native regexp.js:428"
snapshot-pos,0x39d3787bc300,313769
snapshot-code-name,314204,"Function:RegExpSetInput native regexp.js:432"
snapshot-pos,0x39d3787bc3e0,314204
snapshot-code-name,314616,"Function:RegExpGetMultiline native regexp.js:452"
snapshot-pos,0x39d3787bc4a0,314616
snapshot-code-name,314952,"Function:RegExpSetMultiline native regexp.js:453"
snapshot-pos,0x39d3787bc520,314952
snapshot-code-name,315400,"Function:NoOpSetter native regexp.js:461"
snapshot-pos,0x39d3787bc620,315400
snapshot-code-name,319110,"Script:native runtime.js"
snapshot-pos,0x39d3787a5ce0,319110
snapshot-code-name,319450,"LazyCompile:EQUALS native runtime.js:54"
snapshot-pos,0x39d3787a6200,319450
snapshot-code-name,327089,"LazyCompile:STRICT_EQUALS native runtime.js:100"
snapshot-pos,0x39d3787a68c0,327089
snapshot-code-name,327650,"LazyCompile:COMPARE native runtime.js:120"
snapshot-pos,0x39d3787a6bc0,327650
snapshot-code-name,328946,"LazyCompile:ADD native runtime.js:163"
snapshot-pos,0x39d3787a7500,328946
snapshot-code-name,329855,"LazyCompile:STRING_ADD_LEFT native runtime.js:183"
snapshot-pos,0x39d3787aa040,329855
snapshot-code-name,330681,"LazyCompile:STRING_ADD_RIGHT native runtime.js:198"
snapshot-pos,0x39d3787aa2a0,330681
snapshot-code-name,331542,"LazyCompile:SUB native runtime.js:214"
snapshot-pos,0x39d3787a7780,331542
snapshot-code-name,332040,"LazyCompile:MUL native runtime.js:222"
snapshot-pos,0x39d3787a78a0,332040
snapshot-code-name,332537,"LazyCompile:DIV native runtime.js:230"
snapshot-pos,0x39d3787a79c0,332537
snapshot-code-name,333034,"LazyCompile:MOD native runtime.js:238"
snapshot-pos,0x39d3787a7ae0,333034
snapshot-code-name,333531,"LazyCompile:BIT_OR native runtime.js:252"
snapshot-pos,0x39d3787a7c00,333531
snapshot-code-name,334028,"LazyCompile:BIT_AND native runtime.js:260"
snapshot-pos,0x39d3787a7d20,334028
snapshot-code-name,334643,"LazyCompile:BIT_XOR native runtime.js:282"
snapshot-pos,0x39d3787a7ea0,334643
snapshot-code-name,335148,"LazyCompile:UNARY_MINUS native runtime.js:290"
snapshot-pos,0x39d3787a8040,335148
snapshot-code-name,335566,"LazyCompile:BIT_NOT native runtime.js:297"
snapshot-pos,0x39d3787a8120,335566
snapshot-code-name,335986,"LazyCompile:SHL native runtime.js:304"
snapshot-pos,0x39d3787a8200,335986
snapshot-code-name,336483,"LazyCompile:SAR native runtime.js:312"
snapshot-pos,0x39d3787a8320,336483
snapshot-code-name,337098,"LazyCompile:SHR native runtime.js:334"
snapshot-pos,0x39d3787a84a0,337098
snapshot-code-name,337595,"LazyCompile:DELETE native runtime.js:348"
snapshot-pos,0x39d3787a85c0,337595
snapshot-code-name,338012,"LazyCompile:IN native runtime.js:354"
snapshot-pos,0x39d3787a8800,338012
snapshot-code-name,338818,"LazyCompile:INSTANCE_OF native runtime.js:367"
snapshot-pos,0x39d3787a8bc0,338818
snapshot-code-name,339901,"LazyCompile:GET_KEYS native runtime.js:391"
snapshot-pos,0x39d3787a8ea0,339901
snapshot-code-name,340254,"LazyCompile:FILTER_KEY native runtime.js:399"
snapshot-pos,0x39d3787a8f40,340254
snapshot-code-name,340691,"LazyCompile:CALL_NON_FUNCTION native runtime.js:406"
snapshot-pos,0x39d3787a90c0,340691
snapshot-code-name,341426,"LazyCompile:CALL_NON_FUNCTION_AS_CONSTRUCTOR native runtime.js:415"
snapshot-pos,0x39d3787a9280,341426
snapshot-code-name,342108,"LazyCompile:CALL_FUNCTION_PROXY native runtime.js:424"
snapshot-pos,0x39d3787a9580,342108
snapshot-code-name,342650,"LazyCompile:CALL_FUNCTION_PROXY_AS_CONSTRUCTOR native runtime.js:432"
snapshot-pos,0x39d3787a9860,342650
snapshot-code-name,343724,"LazyCompile:APPLY_PREPARE native runtime.js:449"
snapshot-pos,0x39d3787aa7e0,343724
snapshot-code-name,345389,"LazyCompile:APPLY_OVERFLOW native runtime.js:486"
snapshot-pos,0x39d3787aad00,345389
snapshot-code-name,345806,"LazyCompile:TO_OBJECT native runtime.js:492"
snapshot-pos,0x39d3787a9b40,345806
snapshot-code-name,346158,"LazyCompile:TO_NUMBER native runtime.js:498"
snapshot-pos,0x39d3787a9be0,346158
snapshot-code-name,346510,"LazyCompile:TO_STRING native runtime.js:504"
snapshot-pos,0x39d3787a9c80,346510
snapshot-code-name,346828,"LazyCompile:ToPrimitive native runtime.js:516"
snapshot-pos,0x39d3787be800,346828
snapshot-code-name,347538,"LazyCompile:ToBoolean native runtime.js:527"
snapshot-pos,0x39d3787acc80,347538
snapshot-code-name,348158,"LazyCompile:ToNumber native runtime.js:537"
snapshot-pos,0x39d3787ae540,348158
snapshot-code-name,348924,"LazyCompile:ToString native runtime.js:560"
snapshot-pos,0x39d3787b6940,348924
snapshot-code-name,349596,"LazyCompile:ToObject native runtime.js:577"
snapshot-pos,0x39d3787b9420,349596
snapshot-code-name,352571,"Builtin:Illegal"
snapshot-pos,0x39d3787a0600,352571
snapshot-code-name,352672,"Builtin:EmptyFunction"
snapshot-pos,0x39d3787a0660,352672
snapshot-code-name,352773,"Builtin:ArrayCodeGeneric"
snapshot-pos,0x39d3787a06c0,352773
snapshot-code-name,352874,"Builtin:ArrayPush"
snapshot-pos,0x39d3787a0720,352874
snapshot-code-name,352975,"Builtin:ArrayPop"
snapshot-pos,0x39d3787a0780,352975
snapshot-code-name,353076,"Builtin:ArrayShift"
snapshot-pos,0x39d3787a07e0,353076
snapshot-code-name,353177,"Builtin:ArrayUnshift"
snapshot-pos,0x39d3787a0840,353177
snapshot-code-name,353278,"Builtin:ArraySlice"
snapshot-pos,0x39d3787a08a0,353278
snapshot-code-name,353379,"Builtin:ArraySplice"
snapshot-pos,0x39d3787a0900,353379
snapshot-code-name,353480,"Builtin:ArrayConcat"
snapshot-pos,0x39d3787a0960,353480
snapshot-code-name,353581,"Builtin:HandleApiCall"
snapshot-pos,0x39d3787a09c0,353581
snapshot-code-name,353681,"Builtin:FastHandleApiCall"
snapshot-pos,0x39d3787a0a20,353681
snapshot-code-name,353782,"Builtin:HandleApiCallConstruct"
snapshot-pos,0x39d3787a0a80,353782
snapshot-code-name,353882,"Builtin:HandleApiCallAsFunction"
snapshot-pos,0x39d3787a0ae0,353882
snapshot-code-name,353983,"Builtin:HandleApiCallAsConstructor"
snapshot-pos,0x39d3787a0b40,353983
snapshot-code-name,354084,"Builtin:StrictModePoisonPill"
snapshot-pos,0x39d3787a0ba0,354084
snapshot-code-name,354191,"Builtin:JSConstructStubCountdown"
snapshot-pos,0x39d3787a0da0,354191
snapshot-code-name,354797,"Builtin:JSConstructStubApi"
snapshot-pos,0x39d3787a1240,354797
snapshot-code-name,355340,"Builtin:JSEntryTrampoline"
snapshot-pos,0x39d3787a1460,355340
snapshot-code-name,355537,"Builtin:JSConstructEntryTrampoline"
snapshot-pos,0x39d3787a1520,355537
snapshot-code-name,355705,"Builtin:LazyRecompile"
snapshot-pos,0x39d3787a1640,355705
snapshot-code-name,355832,"Builtin:NotifyDeoptimized"
snapshot-pos,0x39d3787a16c0,355832
snapshot-code-name,356021,"Builtin:NotifyLazyDeoptimized"
snapshot-pos,0x39d3787a1780,356021
snapshot-code-name,356210,"Builtin:NotifyOSR"
snapshot-pos,0x39d3787a1840,356210
snapshot-code-name,356370,"Builtin:LoadIC_Miss"
snapshot-pos,0x39d3787a18e0,356370
snapshot-code-name,356470,"Builtin:KeyedLoadIC_Miss"
snapshot-pos,0x39d3787a1940,356470
snapshot-code-name,356573,"Builtin:KeyedLoadIC_Slow"
snapshot-pos,0x39d3787a1a00,356573
snapshot-code-name,356673,"Builtin:StoreIC_Miss"
snapshot-pos,0x39d3787a1a60,356673
snapshot-code-name,356773,"Builtin:KeyedStoreIC_Miss"
snapshot-pos,0x39d3787a1ac0,356773
snapshot-code-name,356873,"Builtin:KeyedStoreIC_MissForceGeneric"
snapshot-pos,0x39d3787a1b20,356873
snapshot-code-name,356973,"Builtin:KeyedStoreIC_Slow"
snapshot-pos,0x39d3787a1b80,356973
snapshot-code-name,357076,"Builtin:LoadIC_PreMonomorphic"
snapshot-pos,0x39d3787a1c40,357076
snapshot-code-name,357176,"Builtin:LoadIC_Normal"
snapshot-pos,0x39d3787a2400,357176
snapshot-code-name,357535,"Builtin:LoadIC_ArrayLength"
snapshot-pos,0x39d3787a2560,357535
snapshot-code-name,357638,"Builtin:LoadIC_StringLength"
snapshot-pos,0x39d3787a25c0,357638
snapshot-code-name,357775,"Builtin:LoadIC_StringWrapperLength"
snapshot-pos,0x39d3787a2640,357775
snapshot-code-name,357944,"Builtin:LoadIC_FunctionPrototype"
snapshot-pos,0x39d3787a26e0,357944
snapshot-code-name,358112,"Builtin:LoadIC_Megamorphic"
snapshot-pos,0x39d3787a2780,358112
snapshot-code-name,358376,"Builtin:KeyedLoadIC_PreMonomorphic"
snapshot-pos,0x39d3787a28e0,358376
snapshot-code-name,358476,"Builtin:KeyedLoadIC_Generic"
snapshot-pos,0x39d3787a2d00,358476
snapshot-code-name,359284,"Builtin:KeyedLoadIC_String"
snapshot-pos,0x39d3787a3020,359284
snapshot-code-name,359981,"Builtin:KeyedLoadIC_IndexedInterceptor"
snapshot-pos,0x39d3787a32e0,359981
snapshot-code-name,360142,"Builtin:KeyedLoadIC_NonStrictArguments"
snapshot-pos,0x39d3787a3380,360142
snapshot-code-name,360440,"Builtin:StoreIC_ArrayLength"
snapshot-pos,0x39d3787a3500,360440
snapshot-code-name,360633,"Builtin:StoreIC_Normal"
snapshot-pos,0x39d3787a3980,360633
snapshot-code-name,361054,"Builtin:StoreIC_Megamorphic"
snapshot-pos,0x39d3787a3b20,361054
snapshot-code-name,361351,"Builtin:StoreIC_GlobalProxy"
snapshot-pos,0x39d3787a3c40,361351
snapshot-code-name,361451,"Builtin:StoreIC_Initialize_Strict"
snapshot-pos,0x39d3787a3ca0,361451
snapshot-code-name,361551,"Builtin:StoreIC_ArrayLength_Strict"
snapshot-pos,0x39d3787a3d00,361551
snapshot-code-name,361744,"Builtin:StoreIC_Normal_Strict"
snapshot-pos,0x39d3787a3dc0,361744
snapshot-code-name,362165,"Builtin:StoreIC_Megamorphic_Strict"
snapshot-pos,0x39d3787a4040,362165
snapshot-code-name,362462,"Builtin:StoreIC_GlobalProxy_Strict"
snapshot-pos,0x39d3787a4160,362462
snapshot-code-name,362565,"Builtin:KeyedStoreIC_Generic"
snapshot-pos,0x39d3787a4220,362565
snapshot-code-name,362890,"Builtin:KeyedStoreIC_Initialize_Strict"
snapshot-pos,0x39d3787a4360,362890
snapshot-code-name,362990,"Builtin:KeyedStoreIC_Generic_Strict"
snapshot-pos,0x39d3787a43c0,362990
snapshot-code-name,363315,"Builtin:KeyedStoreIC_NonStrictArguments"
snapshot-pos,0x39d3787a4500,363315
snapshot-code-name,363719,"Builtin:FunctionCall"
snapshot-pos,0x39d3787a46a0,363719
snapshot-code-name,364210,"Builtin:FunctionApply"
snapshot-pos,0x39d3787a4880,364210
snapshot-code-name,364698,"Builtin:ArrayCode"
snapshot-pos,0x39d3787a4a60,364698
snapshot-code-name,365471,"Builtin:ArrayConstructCode"
snapshot-pos,0x39d3787a4d80,365471
snapshot-code-name,366244,"Builtin:StringConstructCode"
snapshot-pos,0x39d3787a50a0,366244
snapshot-code-name,366819,"Builtin:OnStackReplacement"
snapshot-pos,0x39d3787a5340,366819
snapshot-code-name,367780,"Builtin:ConstructCall_DebugBreak"
snapshot-pos,0x39d3787a57a0,367780
snapshot-code-name,367969,"Builtin:StubNoRegisters_DebugBreak"
snapshot-pos,0x39d3787a5860,367969
snapshot-code-name,368091,"Builtin:LoadIC_DebugBreak"
snapshot-pos,0x39d3787a58e0,368091
snapshot-code-name,368245,"Builtin:KeyedLoadIC_DebugBreak"
snapshot-pos,0x39d3787a5980,368245
snapshot-code-name,368399,"Builtin:StoreIC_DebugBreak"
snapshot-pos,0x39d3787a5a20,368399
snapshot-code-name,368556,"Builtin:KeyedStoreIC_DebugBreak"
snapshot-pos,0x39d3787a5ac0,368556
snapshot-code-name,368716,"Builtin:PlainReturn_LiveEdit"
snapshot-pos,0x39d3787a5c00,368716
snapshot-code-name,368812,"Builtin:FrameDropper_LiveEdit"
snapshot-pos,0x39d3787a5c60,368812
